#
# There is insufficient memory for the Java Runtime Environment to continue.
# Native memory allocation (malloc) failed to allocate 728128 bytes. Error detail: Chunk::new
# Possible reasons:
#   The system is out of physical RAM or swap space
#   This process is running with CompressedOops enabled, and the Java Heap may be blocking the growth of the native heap
# Possible solutions:
#   Reduce memory load on the system
#   Increase physical memory or swap space
#   Check if swap backing store is full
#   Decrease Java heap size (-Xmx/-Xms)
#   Decrease number of Java threads
#   Decrease Java thread stack sizes (-Xss)
#   Set larger code cache with -XX:ReservedCodeCacheSize=
#   JVM is running with Zero Based Compressed Oops mode in which the Java heap is
#     placed in the first 32GB address space. The Java Heap base address is the
#     maximum limit for the native heap growth. Please use -XX:HeapBaseMinAddress
#     to set the Java Heap base and to place the Java Heap above 32GB virtual address.
# This output file may be truncated or incomplete.
#
#  Out of Memory Error (arena.cpp:168), pid=4256, tid=38664
#
# JRE version: OpenJDK Runtime Environment Zulu21.36+17-CA (21.0.4+7) (build 21.0.4+7-LTS)
# Java VM: OpenJDK 64-Bit Server VM Zulu21.36+17-CA (21.0.4+7-LTS, mixed mode, sharing, tiered, compressed oops, compressed class ptrs, g1 gc, windows-amd64)
# No core dump will be written. Minidumps are not enabled by default on client versions of Windows
#

---------------  S U M M A R Y ------------

Command Line: -javaagent:C:\Program Files\JetBrains\IntelliJ IDEA Community Edition 2024.2.3\lib\idea_rt.jar=61644:C:\Program Files\JetBrains\IntelliJ IDEA Community Edition 2024.2.3\bin -Dfile.encoding=UTF-8 -Dsun.stdout.encoding=UTF-8 -Dsun.stderr.encoding=UTF-8 dev.qeats.user_service.UserServiceApplication

Host: 12th Gen Intel(R) Core(TM) i5-12450H, 12 cores, 15G,  Windows 11 , 64 bit Build 22621 (10.0.22621.4391)
Time: Sun Dec 15 02:06:56 2024 India Standard Time elapsed time: 613.897402 seconds (0d 0h 10m 13s)

---------------  T H R E A D  ---------------

Current thread (0x00000176b06d56e0):  JavaThread "C2 CompilerThread0" daemon [_thread_in_native, id=38664, stack(0x00000033ed100000,0x00000033ed200000) (1024K)]


Current CompileTask:
C2: 613897 6586       4       java.lang.invoke.MethodType::makeImpl (109 bytes)

Stack: [0x00000033ed100000,0x00000033ed200000]
Native frames: (J=compiled Java code, j=interpreted, Vv=VM code, C=native code)
V  [jvm.dll+0x6d6f99]
V  [jvm.dll+0x8b1f81]
V  [jvm.dll+0x8b42ee]
V  [jvm.dll+0x8b49d3]
V  [jvm.dll+0x286b56]
V  [jvm.dll+0xc5b5d]
V  [jvm.dll+0xc6093]
V  [jvm.dll+0x3bed4c]
V  [jvm.dll+0x1e2e83]
V  [jvm.dll+0x24b952]
V  [jvm.dll+0x24ade1]
V  [jvm.dll+0x1ca444]
V  [jvm.dll+0x25a529]
V  [jvm.dll+0x258aaa]
V  [jvm.dll+0x3f90b6]
V  [jvm.dll+0x85ade8]
V  [jvm.dll+0x6d56ad]
C  [ucrtbase.dll+0x29333]
C  [KERNEL32.DLL+0x1259d]
C  [ntdll.dll+0x5af38]


---------------  P R O C E S S  ---------------

Threads class SMR info:
_java_thread_list=0x00000176fc977570, length=40, elements={
0x00000176b06c29b0, 0x00000176b06c38d0, 0x00000176b06c6710, 0x00000176b06ca3f0,
0x00000176b06cb0b0, 0x00000176b06cd2c0, 0x00000176b06d56e0, 0x00000176b06e6210,
0x00000176b09226f0, 0x00000176f603cd60, 0x00000176f603d3d0, 0x00000176f9aaa7c0,
0x00000176f9aa9410, 0x00000176f9aaae50, 0x00000176f9aab4e0, 0x00000176f9aa8060,
0x00000176f9aa9aa0, 0x00000176f9aaa130, 0x00000176f9aa86f0, 0x00000176f9a1b660,
0x00000176f9a19590, 0x00000176f9a1bcf0, 0x00000176f9a1c380, 0x00000176f9a181e0,
0x00000176f9a1a940, 0x00000176f9a1d0a0, 0x00000176f9a1ca10, 0x00000176f9a19c20,
0x00000176f9a18f00, 0x00000176f9a1e450, 0x00000176f9a1d730, 0x00000176f9a1ddc0,
0x00000176f9a1afd0, 0x00000176f9a1a2b0, 0x00000176f9a1eae0, 0x00000176f9a1f170,
0x00000176f9a1f800, 0x00000176f9a18870, 0x00000176f7b7afc0, 0x00000176f7b7bce0
}

Java Threads: ( => current thread )
  0x00000176b06c29b0 JavaThread "Reference Handler"          daemon [_thread_blocked, id=25828, stack(0x00000033ecb00000,0x00000033ecc00000) (1024K)]
  0x00000176b06c38d0 JavaThread "Finalizer"                  daemon [_thread_blocked, id=400, stack(0x00000033ecc00000,0x00000033ecd00000) (1024K)]
  0x00000176b06c6710 JavaThread "Signal Dispatcher"          daemon [_thread_blocked, id=10300, stack(0x00000033ecd00000,0x00000033ece00000) (1024K)]
  0x00000176b06ca3f0 JavaThread "Attach Listener"            daemon [_thread_blocked, id=12068, stack(0x00000033ece00000,0x00000033ecf00000) (1024K)]
  0x00000176b06cb0b0 JavaThread "Service Thread"             daemon [_thread_blocked, id=37480, stack(0x00000033ecf00000,0x00000033ed000000) (1024K)]
  0x00000176b06cd2c0 JavaThread "Monitor Deflation Thread"   daemon [_thread_blocked, id=38644, stack(0x00000033ed000000,0x00000033ed100000) (1024K)]
=>0x00000176b06d56e0 JavaThread "C2 CompilerThread0"         daemon [_thread_in_native, id=38664, stack(0x00000033ed100000,0x00000033ed200000) (1024K)]
  0x00000176b06e6210 JavaThread "C1 CompilerThread0"         daemon [_thread_blocked, id=38888, stack(0x00000033ed200000,0x00000033ed300000) (1024K)]
  0x00000176b09226f0 JavaThread "Common-Cleaner"             daemon [_thread_blocked, id=8976, stack(0x00000033ed300000,0x00000033ed400000) (1024K)]
  0x00000176f603cd60 JavaThread "Monitor Ctrl-Break"         daemon [_thread_in_native, id=37288, stack(0x00000033ed500000,0x00000033ed600000) (1024K)]
  0x00000176f603d3d0 JavaThread "Notification Thread"        daemon [_thread_blocked, id=33196, stack(0x00000033ed600000,0x00000033ed700000) (1024K)]
  0x00000176f9aaa7c0 JavaThread "boundedElastic-evictor-1"   daemon [_thread_blocked, id=34144, stack(0x00000033ee300000,0x00000033ee400000) (1024K)]
  0x00000176f9aa9410 JavaThread "parallel-1"                 daemon [_thread_blocked, id=35520, stack(0x00000033ee400000,0x00000033ee500000) (1024K)]
  0x00000176f9aaae50 JavaThread "spring.cloud.inetutils"     daemon [_thread_blocked, id=37936, stack(0x00000033ee500000,0x00000033ee600000) (1024K)]
  0x00000176f9aab4e0 JavaThread "single-1"                   daemon [_thread_blocked, id=5200, stack(0x00000033ee600000,0x00000033ee700000) (1024K)]
  0x00000176f9aa8060 JavaThread "reactor-tcp-nio-1"          daemon [_thread_in_native, id=27944, stack(0x00000033ee700000,0x00000033ee800000) (1024K)]
  0x00000176f9aa9aa0 JavaThread "reactor-tcp-nio-2"          daemon [_thread_in_native, id=38252, stack(0x00000033ee800000,0x00000033ee900000) (1024K)]
  0x00000176f9aaa130 JavaThread "reactor-tcp-nio-3"          daemon [_thread_in_native, id=19636, stack(0x00000033ee900000,0x00000033eea00000) (1024K)]
  0x00000176f9aa86f0 JavaThread "reactor-tcp-nio-4"          daemon [_thread_in_native, id=36468, stack(0x00000033eea00000,0x00000033eeb00000) (1024K)]
  0x00000176f9a1b660 JavaThread "reactor-tcp-nio-5"          daemon [_thread_in_native, id=31084, stack(0x00000033eeb00000,0x00000033eec00000) (1024K)]
  0x00000176f9a19590 JavaThread "reactor-tcp-nio-6"          daemon [_thread_in_native, id=33676, stack(0x00000033eec00000,0x00000033eed00000) (1024K)]
  0x00000176f9a1bcf0 JavaThread "reactor-tcp-nio-7"          daemon [_thread_in_native, id=35852, stack(0x00000033eed00000,0x00000033eee00000) (1024K)]
  0x00000176f9a1c380 JavaThread "reactor-tcp-nio-8"          daemon [_thread_in_native, id=26640, stack(0x00000033eee00000,0x00000033eef00000) (1024K)]
  0x00000176f9a181e0 JavaThread "reactor-tcp-nio-9"          daemon [_thread_in_native, id=33308, stack(0x00000033eef00000,0x00000033ef000000) (1024K)]
  0x00000176f9a1a940 JavaThread "reactor-tcp-nio-10"         daemon [_thread_in_native, id=37840, stack(0x00000033ef000000,0x00000033ef100000) (1024K)]
  0x00000176f9a1d0a0 JavaThread "reactor-tcp-nio-11"         daemon [_thread_in_native, id=30892, stack(0x00000033ef100000,0x00000033ef200000) (1024K)]
  0x00000176f9a1ca10 JavaThread "reactor-tcp-nio-12"         daemon [_thread_in_native, id=35860, stack(0x00000033ef200000,0x00000033ef300000) (1024K)]
  0x00000176f9a19c20 JavaThread "Jndi-Dns-address-change-listener" daemon [_thread_in_native, id=37904, stack(0x00000033ef300000,0x00000033ef400000) (1024K)]
  0x00000176f9a18f00 JavaThread "spectator-gauge-polling-0"  daemon [_thread_blocked, id=10068, stack(0x00000033ef500000,0x00000033ef600000) (1024K)]
  0x00000176f9a1e450 JavaThread "AsyncResolver-bootstrap-%d" daemon [_thread_blocked, id=37908, stack(0x00000033ef600000,0x00000033ef700000) (1024K)]
  0x00000176f9a1d730 JavaThread "DiscoveryClient-%d"         daemon [_thread_blocked, id=37068, stack(0x00000033ef700000,0x00000033ef800000) (1024K)]
  0x00000176f9a1ddc0 JavaThread "DiscoveryClient-%d"         daemon [_thread_blocked, id=32108, stack(0x00000033ef800000,0x00000033ef900000) (1024K)]
  0x00000176f9a1afd0 JavaThread "DiscoveryClient-InstanceInfoReplicator-%d" daemon [_thread_blocked, id=7056, stack(0x00000033ef900000,0x00000033efa00000) (1024K)]
  0x00000176f9a1a2b0 JavaThread "reactor-http-nio-1"         daemon [_thread_in_native, id=2976, stack(0x00000033efa00000,0x00000033efb00000) (1024K)]
  0x00000176f9a1eae0 JavaThread "server"                            [_thread_blocked, id=3900, stack(0x00000033efb00000,0x00000033efc00000) (1024K)]
  0x00000176f9a1f170 JavaThread "DestroyJavaVM"                     [_thread_blocked, id=28304, stack(0x00000033ec300000,0x00000033ec400000) (1024K)]
  0x00000176f9a1f800 JavaThread "DiscoveryClient-CacheRefreshExecutor-%d" daemon [_thread_blocked, id=36184, stack(0x00000033efc00000,0x00000033efd00000) (1024K)]
  0x00000176f9a18870 JavaThread "DiscoveryClient-HeartbeatExecutor-%d" daemon [_thread_blocked, id=9032, stack(0x00000033efd00000,0x00000033efe00000) (1024K)]
  0x00000176f7b7afc0 JavaThread "AsyncResolver-bootstrap-executor-%d" daemon [_thread_blocked, id=25904, stack(0x00000033ec100000,0x00000033ec200000) (1024K)]
  0x00000176f7b7bce0 JavaThread "reactor-http-nio-2"         daemon [_thread_in_native, id=39236, stack(0x00000033ec200000,0x00000033ec300000) (1024K)]
Total: 40

Other Threads:
  0x00000176b06a2cf0 VMThread "VM Thread"                           [id=38080, stack(0x00000033eca00000,0x00000033ecb00000) (1024K)]
  0x00000176b068d070 WatcherThread "VM Periodic Task Thread"        [id=13188, stack(0x00000033ec900000,0x00000033eca00000) (1024K)]
  0x000001768efc6ef0 WorkerThread "GC Thread#0"                     [id=38680, stack(0x00000033ec400000,0x00000033ec500000) (1024K)]
  0x00000176f67cdef0 WorkerThread "GC Thread#1"                     [id=14808, stack(0x00000033ed700000,0x00000033ed800000) (1024K)]
  0x00000176f67ce2a0 WorkerThread "GC Thread#2"                     [id=36960, stack(0x00000033ed800000,0x00000033ed900000) (1024K)]
  0x00000176f67ce650 WorkerThread "GC Thread#3"                     [id=27876, stack(0x00000033ed900000,0x00000033eda00000) (1024K)]
  0x00000176f6c351b0 WorkerThread "GC Thread#4"                     [id=11724, stack(0x00000033eda00000,0x00000033edb00000) (1024K)]
  0x00000176f6c36570 WorkerThread "GC Thread#5"                     [id=23440, stack(0x00000033edb00000,0x00000033edc00000) (1024K)]
  0x00000176f7006270 WorkerThread "GC Thread#6"                     [id=38152, stack(0x00000033edd00000,0x00000033ede00000) (1024K)]
  0x00000176f70126e0 WorkerThread "GC Thread#7"                     [id=38088, stack(0x00000033ede00000,0x00000033edf00000) (1024K)]
  0x00000176f701aaa0 WorkerThread "GC Thread#8"                     [id=38360, stack(0x00000033edf00000,0x00000033ee000000) (1024K)]
  0x00000176f8441260 WorkerThread "GC Thread#9"                     [id=36948, stack(0x00000033ee000000,0x00000033ee100000) (1024K)]
  0x000001768efd8b70 ConcurrentGCThread "G1 Main Marker"            [id=28352, stack(0x00000033ec500000,0x00000033ec600000) (1024K)]
  0x000001768efd9680 WorkerThread "G1 Conc#0"                       [id=30740, stack(0x00000033ec600000,0x00000033ec700000) (1024K)]
  0x00000176f8440eb0 WorkerThread "G1 Conc#1"                       [id=30788, stack(0x00000033ee100000,0x00000033ee200000) (1024K)]
  0x00000176f84419c0 WorkerThread "G1 Conc#2"                       [id=30156, stack(0x00000033ee200000,0x00000033ee300000) (1024K)]
  0x00000176b055bab0 ConcurrentGCThread "G1 Refine#0"               [id=30712, stack(0x00000033ec700000,0x00000033ec800000) (1024K)]
  0x00000176b055c630 ConcurrentGCThread "G1 Service"                [id=31024, stack(0x00000033ec800000,0x00000033ec900000) (1024K)]
Total: 18

Threads with active compile tasks:
C2 CompilerThread0   613924 6586       4       java.lang.invoke.MethodType::makeImpl (109 bytes)
Total: 1

VM state: not at safepoint (normal execution)

VM Mutex/Monitor currently owned by a thread: None

Heap address: 0x0000000705200000, size: 4014 MB, Compressed Oops mode: Zero based, Oop shift amount: 3

CDS archive(s) mapped at: [0x00000176b1000000-0x00000176b1cf0000-0x00000176b1cf0000), size 13565952, SharedBaseAddress: 0x00000176b1000000, ArchiveRelocationMode: 1.
Compressed class space mapped at: 0x00000176b2000000-0x00000176f2000000, reserved size: 1073741824
Narrow klass base: 0x00000176b1000000, Narrow klass shift: 0, Narrow klass range: 0x100000000

GC Precious Log:
 CardTable entry size: 512
 Card Set container configuration: InlinePtr #cards 4 size 8 Array Of Cards #cards 16 size 48 Howl #buckets 8 coarsen threshold 3686 Howl Bitmap #cards 512 size 80 coarsen threshold 460 Card regions per heap region 1 cards per card region 4096
 CPUs: 12 total, 12 available
 Memory: 16052M
 Large Page Support: Disabled
 NUMA Support: Disabled
 Compressed Oops: Enabled (Zero based)
 Heap Region Size: 2M
 Heap Min Capacity: 8M
 Heap Initial Capacity: 252M
 Heap Max Capacity: 4014M
 Pre-touch: Disabled
 Parallel Workers: 10
 Concurrent Workers: 3
 Concurrent Refinement Workers: 10
 Periodic GC: Disabled

Heap:
 garbage-first heap   total 159744K, used 105580K [0x0000000705200000, 0x0000000800000000)
  region size 2048K, 11 young (22528K), 3 survivors (6144K)
 Metaspace       used 57091K, committed 57856K, reserved 1114112K
  class space    used 7462K, committed 7808K, reserved 1048576K

Heap Regions: E=young(eden), S=young(survivor), O=old, HS=humongous(starts), HC=humongous(continues), CS=collection set, F=free, TAMS=top-at-mark-start, PB=parsable bottom
|   0|0x0000000705200000, 0x0000000705400000, 0x0000000705400000|100%| O|  |TAMS 0x0000000705200000| PB 0x0000000705200000| Untracked 
|   1|0x0000000705400000, 0x0000000705600000, 0x0000000705600000|100%| O|  |TAMS 0x0000000705400000| PB 0x0000000705400000| Untracked 
|   2|0x0000000705600000, 0x0000000705800000, 0x0000000705800000|100%| O|  |TAMS 0x0000000705600000| PB 0x0000000705600000| Untracked 
|   3|0x0000000705800000, 0x0000000705a00000, 0x0000000705a00000|100%| O|  |TAMS 0x0000000705800000| PB 0x0000000705800000| Untracked 
|   4|0x0000000705a00000, 0x0000000705c00000, 0x0000000705c00000|100%| O|  |TAMS 0x0000000705a00000| PB 0x0000000705a00000| Untracked 
|   5|0x0000000705c00000, 0x0000000705e00000, 0x0000000705e00000|100%| O|  |TAMS 0x0000000705c00000| PB 0x0000000705c00000| Untracked 
|   6|0x0000000705e00000, 0x0000000706000000, 0x0000000706000000|100%| O|  |TAMS 0x0000000705e00000| PB 0x0000000705e00000| Untracked 
|   7|0x0000000706000000, 0x0000000706200000, 0x0000000706200000|100%| O|  |TAMS 0x0000000706000000| PB 0x0000000706000000| Untracked 
|   8|0x0000000706200000, 0x0000000706400000, 0x0000000706400000|100%| O|  |TAMS 0x0000000706200000| PB 0x0000000706200000| Untracked 
|   9|0x0000000706400000, 0x0000000706600000, 0x0000000706600000|100%| O|  |TAMS 0x0000000706400000| PB 0x0000000706400000| Untracked 
|  10|0x0000000706600000, 0x0000000706800000, 0x0000000706800000|100%| O|  |TAMS 0x0000000706600000| PB 0x0000000706600000| Untracked 
|  11|0x0000000706800000, 0x0000000706a00000, 0x0000000706a00000|100%| O|Cm|TAMS 0x0000000706800000| PB 0x0000000706800000| Complete 
|  12|0x0000000706a00000, 0x0000000706c00000, 0x0000000706c00000|100%|HS|  |TAMS 0x0000000706a00000| PB 0x0000000706a00000| Complete 
|  13|0x0000000706c00000, 0x0000000706e00000, 0x0000000706e00000|100%|HC|  |TAMS 0x0000000706c00000| PB 0x0000000706c00000| Complete 
|  14|0x0000000706e00000, 0x0000000707000000, 0x0000000707000000|100%|HC|  |TAMS 0x0000000706e00000| PB 0x0000000706e00000| Complete 
|  15|0x0000000707000000, 0x00000007070bd100, 0x0000000707200000| 36%| O|  |TAMS 0x0000000707000000| PB 0x0000000707000000| Untracked 
|  16|0x0000000707200000, 0x0000000707400000, 0x0000000707400000|100%|HS|  |TAMS 0x0000000707200000| PB 0x0000000707200000| Complete 
|  17|0x0000000707400000, 0x0000000707600000, 0x0000000707600000|100%|HC|  |TAMS 0x0000000707400000| PB 0x0000000707400000| Complete 
|  18|0x0000000707600000, 0x0000000707800000, 0x0000000707800000|100%|HC|  |TAMS 0x0000000707600000| PB 0x0000000707600000| Complete 
|  19|0x0000000707800000, 0x0000000707a00000, 0x0000000707a00000|100%|HS|  |TAMS 0x0000000707800000| PB 0x0000000707800000| Complete 
|  20|0x0000000707a00000, 0x0000000707c00000, 0x0000000707c00000|100%|HC|  |TAMS 0x0000000707a00000| PB 0x0000000707a00000| Complete 
|  21|0x0000000707c00000, 0x0000000707e00000, 0x0000000707e00000|100%|HC|  |TAMS 0x0000000707c00000| PB 0x0000000707c00000| Complete 
|  22|0x0000000707e00000, 0x0000000708000000, 0x0000000708000000|100%|HS|  |TAMS 0x0000000707e00000| PB 0x0000000707e00000| Complete 
|  23|0x0000000708000000, 0x0000000708200000, 0x0000000708200000|100%|HC|  |TAMS 0x0000000708000000| PB 0x0000000708000000| Complete 
|  24|0x0000000708200000, 0x0000000708400000, 0x0000000708400000|100%|HC|  |TAMS 0x0000000708200000| PB 0x0000000708200000| Complete 
|  25|0x0000000708400000, 0x0000000708600000, 0x0000000708600000|100%|HS|  |TAMS 0x0000000708400000| PB 0x0000000708400000| Complete 
|  26|0x0000000708600000, 0x0000000708800000, 0x0000000708800000|100%|HC|  |TAMS 0x0000000708600000| PB 0x0000000708600000| Complete 
|  27|0x0000000708800000, 0x0000000708a00000, 0x0000000708a00000|100%|HC|  |TAMS 0x0000000708800000| PB 0x0000000708800000| Complete 
|  28|0x0000000708a00000, 0x0000000708c00000, 0x0000000708c00000|100%|HS|  |TAMS 0x0000000708a00000| PB 0x0000000708a00000| Complete 
|  29|0x0000000708c00000, 0x0000000708e00000, 0x0000000708e00000|100%|HC|  |TAMS 0x0000000708c00000| PB 0x0000000708c00000| Complete 
|  30|0x0000000708e00000, 0x0000000709000000, 0x0000000709000000|100%|HC|  |TAMS 0x0000000708e00000| PB 0x0000000708e00000| Complete 
|  31|0x0000000709000000, 0x0000000709200000, 0x0000000709200000|100%|HS|  |TAMS 0x0000000709000000| PB 0x0000000709000000| Complete 
|  32|0x0000000709200000, 0x0000000709400000, 0x0000000709400000|100%|HC|  |TAMS 0x0000000709200000| PB 0x0000000709200000| Complete 
|  33|0x0000000709400000, 0x0000000709600000, 0x0000000709600000|100%|HC|  |TAMS 0x0000000709400000| PB 0x0000000709400000| Complete 
|  34|0x0000000709600000, 0x0000000709800000, 0x0000000709800000|100%|HS|  |TAMS 0x0000000709600000| PB 0x0000000709600000| Complete 
|  35|0x0000000709800000, 0x0000000709a00000, 0x0000000709a00000|100%|HC|  |TAMS 0x0000000709800000| PB 0x0000000709800000| Complete 
|  36|0x0000000709a00000, 0x0000000709c00000, 0x0000000709c00000|100%|HC|  |TAMS 0x0000000709a00000| PB 0x0000000709a00000| Complete 
|  37|0x0000000709c00000, 0x0000000709e00000, 0x0000000709e00000|100%|HS|  |TAMS 0x0000000709c00000| PB 0x0000000709c00000| Complete 
|  38|0x0000000709e00000, 0x000000070a000000, 0x000000070a000000|100%|HC|  |TAMS 0x0000000709e00000| PB 0x0000000709e00000| Complete 
|  39|0x000000070a000000, 0x000000070a200000, 0x000000070a200000|100%|HC|  |TAMS 0x000000070a000000| PB 0x000000070a000000| Complete 
|  40|0x000000070a200000, 0x000000070a400000, 0x000000070a400000|100%|HS|  |TAMS 0x000000070a200000| PB 0x000000070a200000| Complete 
|  41|0x000000070a400000, 0x000000070a600000, 0x000000070a600000|100%|HC|  |TAMS 0x000000070a400000| PB 0x000000070a400000| Complete 
|  42|0x000000070a600000, 0x000000070a800000, 0x000000070a800000|100%|HC|  |TAMS 0x000000070a600000| PB 0x000000070a600000| Complete 
|  43|0x000000070a800000, 0x000000070a800000, 0x000000070aa00000|  0%| F|  |TAMS 0x000000070a800000| PB 0x000000070a800000| Untracked 
|  44|0x000000070aa00000, 0x000000070aa00000, 0x000000070ac00000|  0%| F|  |TAMS 0x000000070aa00000| PB 0x000000070aa00000| Untracked 
|  45|0x000000070ac00000, 0x000000070ac00000, 0x000000070ae00000|  0%| F|  |TAMS 0x000000070ac00000| PB 0x000000070ac00000| Untracked 
|  46|0x000000070ae00000, 0x000000070ae00000, 0x000000070b000000|  0%| F|  |TAMS 0x000000070ae00000| PB 0x000000070ae00000| Untracked 
|  47|0x000000070b000000, 0x000000070b000000, 0x000000070b200000|  0%| F|  |TAMS 0x000000070b000000| PB 0x000000070b000000| Untracked 
|  48|0x000000070b200000, 0x000000070b200000, 0x000000070b400000|  0%| F|  |TAMS 0x000000070b200000| PB 0x000000070b200000| Untracked 
|  49|0x000000070b400000, 0x000000070b400000, 0x000000070b600000|  0%| F|  |TAMS 0x000000070b400000| PB 0x000000070b400000| Untracked 
|  50|0x000000070b600000, 0x000000070b600000, 0x000000070b800000|  0%| F|  |TAMS 0x000000070b600000| PB 0x000000070b600000| Untracked 
|  51|0x000000070b800000, 0x000000070b800000, 0x000000070ba00000|  0%| F|  |TAMS 0x000000070b800000| PB 0x000000070b800000| Untracked 
|  52|0x000000070ba00000, 0x000000070ba00000, 0x000000070bc00000|  0%| F|  |TAMS 0x000000070ba00000| PB 0x000000070ba00000| Untracked 
|  53|0x000000070bc00000, 0x000000070bc00000, 0x000000070be00000|  0%| F|  |TAMS 0x000000070bc00000| PB 0x000000070bc00000| Untracked 
|  54|0x000000070be00000, 0x000000070be00000, 0x000000070c000000|  0%| F|  |TAMS 0x000000070be00000| PB 0x000000070be00000| Untracked 
|  55|0x000000070c000000, 0x000000070c000000, 0x000000070c200000|  0%| F|  |TAMS 0x000000070c000000| PB 0x000000070c000000| Untracked 
|  56|0x000000070c200000, 0x000000070c200000, 0x000000070c400000|  0%| F|  |TAMS 0x000000070c200000| PB 0x000000070c200000| Untracked 
|  57|0x000000070c400000, 0x000000070c400000, 0x000000070c600000|  0%| F|  |TAMS 0x000000070c400000| PB 0x000000070c400000| Untracked 
|  58|0x000000070c600000, 0x000000070c600000, 0x000000070c800000|  0%| F|  |TAMS 0x000000070c600000| PB 0x000000070c600000| Untracked 
|  59|0x000000070c800000, 0x000000070c800000, 0x000000070ca00000|  0%| F|  |TAMS 0x000000070c800000| PB 0x000000070c800000| Untracked 
|  60|0x000000070ca00000, 0x000000070ca00000, 0x000000070cc00000|  0%| F|  |TAMS 0x000000070ca00000| PB 0x000000070ca00000| Untracked 
|  61|0x000000070cc00000, 0x000000070cc00000, 0x000000070ce00000|  0%| F|  |TAMS 0x000000070cc00000| PB 0x000000070cc00000| Untracked 
|  62|0x000000070ce00000, 0x000000070ce00000, 0x000000070d000000|  0%| F|  |TAMS 0x000000070ce00000| PB 0x000000070ce00000| Untracked 
|  63|0x000000070d000000, 0x000000070d000000, 0x000000070d200000|  0%| F|  |TAMS 0x000000070d000000| PB 0x000000070d000000| Untracked 
|  64|0x000000070d200000, 0x000000070d200000, 0x000000070d400000|  0%| F|  |TAMS 0x000000070d200000| PB 0x000000070d200000| Untracked 
|  65|0x000000070d400000, 0x000000070d400000, 0x000000070d600000|  0%| F|  |TAMS 0x000000070d400000| PB 0x000000070d400000| Untracked 
|  66|0x000000070d600000, 0x000000070d600000, 0x000000070d800000|  0%| F|  |TAMS 0x000000070d600000| PB 0x000000070d600000| Untracked 
|  67|0x000000070d800000, 0x000000070d9bc590, 0x000000070da00000| 86%| E|  |TAMS 0x000000070d800000| PB 0x000000070d800000| Complete 
|  68|0x000000070da00000, 0x000000070dc00000, 0x000000070dc00000|100%| E|CS|TAMS 0x000000070da00000| PB 0x000000070da00000| Complete 
|  69|0x000000070dc00000, 0x000000070de00000, 0x000000070de00000|100%| E|CS|TAMS 0x000000070dc00000| PB 0x000000070dc00000| Complete 
|  70|0x000000070de00000, 0x000000070e000000, 0x000000070e000000|100%| E|CS|TAMS 0x000000070de00000| PB 0x000000070de00000| Complete 
|  71|0x000000070e000000, 0x000000070e200000, 0x000000070e200000|100%| E|CS|TAMS 0x000000070e000000| PB 0x000000070e000000| Complete 
|  72|0x000000070e200000, 0x000000070e400000, 0x000000070e400000|100%| E|CS|TAMS 0x000000070e200000| PB 0x000000070e200000| Complete 
|  73|0x000000070e400000, 0x000000070e45e0a0, 0x000000070e600000| 18%| S|CS|TAMS 0x000000070e400000| PB 0x000000070e400000| Complete 
|  96|0x0000000711200000, 0x0000000711400000, 0x0000000711400000|100%| S|CS|TAMS 0x0000000711200000| PB 0x0000000711200000| Complete 
|  97|0x0000000711400000, 0x0000000711600000, 0x0000000711600000|100%| S|CS|TAMS 0x0000000711400000| PB 0x0000000711400000| Complete 
|  98|0x0000000711600000, 0x0000000711800000, 0x0000000711800000|100%| E|CS|TAMS 0x0000000711600000| PB 0x0000000711600000| Complete 
| 125|0x0000000714c00000, 0x0000000714e00000, 0x0000000714e00000|100%| E|CS|TAMS 0x0000000714c00000| PB 0x0000000714c00000| Complete 

Card table byte_map: [0x00000176a9320000,0x00000176a9b00000] _byte_map_base: 0x00000176a5af7000

Marking Bits: (CMBitMap*) 0x000001768efc7600
 Bits: [0x00000176a9b00000, 0x00000176ad9b8000)

Polling page: 0x000001768f010000

Metaspace:

Usage:
  Non-class:     48.47 MB used.
      Class:      7.29 MB used.
       Both:     55.75 MB used.

Virtual space:
  Non-class space:       64.00 MB reserved,      48.88 MB ( 76%) committed,  1 nodes.
      Class space:        1.00 GB reserved,       7.62 MB ( <1%) committed,  1 nodes.
             Both:        1.06 GB reserved,      56.50 MB (  5%) committed. 

Chunk freelists:
   Non-Class:  14.61 MB
       Class:  8.34 MB
        Both:  22.95 MB

MaxMetaspaceSize: unlimited
CompressedClassSpaceSize: 1.00 GB
Initial GC threshold: 21.00 MB
Current GC threshold: 88.69 MB
CDS: on
 - commit_granule_bytes: 65536.
 - commit_granule_words: 8192.
 - virtual_space_node_default_size: 8388608.
 - enlarge_chunks_in_place: 1.
 - use_allocation_guard: 0.


Internal statistics:

num_allocs_failed_limit: 6.
num_arena_births: 988.
num_arena_deaths: 0.
num_vsnodes_births: 2.
num_vsnodes_deaths: 0.
num_space_committed: 904.
num_space_uncommitted: 0.
num_chunks_returned_to_freelist: 6.
num_chunks_taken_from_freelist: 3040.
num_chunk_merges: 3.
num_chunk_splits: 2063.
num_chunks_enlarged: 1507.
num_inconsistent_stats: 0.

CodeHeap 'non-profiled nmethods': size=120000Kb used=3595Kb max_used=3620Kb free=116404Kb
 bounds [0x00000176a0990000, 0x00000176a0d20000, 0x00000176a7ec0000]
CodeHeap 'profiled nmethods': size=120000Kb used=11215Kb max_used=11215Kb free=108785Kb
 bounds [0x0000017698ec0000, 0x00000176999c0000, 0x00000176a03f0000]
CodeHeap 'non-nmethods': size=5760Kb used=1686Kb max_used=1712Kb free=4073Kb
 bounds [0x00000176a03f0000, 0x00000176a0660000, 0x00000176a0990000]
 total_blobs=6576 nmethods=5861 adapters=619
 compilation: enabled
              stopped_count=0, restarted_count=0
 full_count=0

Compilation events (20 events):
Event: 613.783 Thread 0x00000176b06e6210 6579       3       sun.misc.Unsafe::copyMemory (15 bytes)
Event: 613.783 Thread 0x00000176b06e6210 nmethod 6579 0x00000176999b1010 code [0x00000176999b11c0, 0x00000176999b1308]
Event: 613.783 Thread 0x00000176b06e6210 6580       3       io.asyncer.r2dbc.mysql.message.server.DefinitionMetadataMessage::readVarIntSizedString (32 bytes)
Event: 613.783 Thread 0x00000176b06e6210 nmethod 6580 0x00000176999b1410 code [0x00000176999b1600, 0x00000176999b1a10]
Event: 613.784 Thread 0x00000176b06e6210 6581       1       reactor.core.publisher.InternalMonoOperator::source (5 bytes)
Event: 613.784 Thread 0x00000176b06e6210 nmethod 6581 0x00000176a0b91790 code [0x00000176a0b91920, 0x00000176a0b919f0]
Event: 613.785 Thread 0x00000176b06e6210 6582   !   3       io.netty.buffer.PoolArena::tcacheAllocateSmall (237 bytes)
Event: 613.786 Thread 0x00000176b06e6210 nmethod 6582 0x00000176999b1b90 code [0x00000176999b1f60, 0x00000176999b3df8]
Event: 613.786 Thread 0x00000176b06e6210 6583       1       io.netty.buffer.EmptyByteBuf::nioBufferCount (2 bytes)
Event: 613.786 Thread 0x00000176b06e6210 nmethod 6583 0x00000176a0b91490 code [0x00000176a0b91620, 0x00000176a0b916e8]
Event: 613.786 Thread 0x00000176b06e6210 6584       1       io.netty.buffer.EmptyByteBuf::readerIndex (2 bytes)
Event: 613.786 Thread 0x00000176b06e6210 nmethod 6584 0x00000176a0b91190 code [0x00000176a0b91320, 0x00000176a0b913e8]
Event: 613.798 Thread 0x00000176b06e6210 6585       1       org.springframework.core.annotation.AnnotationTypeMapping$MirrorSets$MirrorSet::size (5 bytes)
Event: 613.798 Thread 0x00000176b06e6210 nmethod 6585 0x00000176a0b90e90 code [0x00000176a0b91020, 0x00000176a0b910e8]
Event: 613.815 Thread 0x00000176b06e6210 6587       3       java.lang.invoke.LambdaForm::create (12 bytes)
Event: 613.815 Thread 0x00000176b06e6210 nmethod 6587 0x00000176999b4a90 code [0x00000176999b4c40, 0x00000176999b4d68]
Event: 613.826 Thread 0x00000176b06e6210 6589       1       java.lang.invoke.MethodHandle::isVarargsCollector (2 bytes)
Event: 613.826 Thread 0x00000176b06e6210 nmethod 6589 0x00000176a0b90b90 code [0x00000176a0b90d20, 0x00000176a0b90de8]
Event: 613.827 Thread 0x00000176b06d56e0 nmethod 6561 0x00000176a0bf4f90 code [0x00000176a0bf5480, 0x00000176a0bf8578]
Event: 613.827 Thread 0x00000176b06d56e0 6586       4       java.lang.invoke.MethodType::makeImpl (109 bytes)

GC Heap History (20 events):
Event: 0.469 GC heap before
{Heap before GC invocations=0 (full 0):
 garbage-first heap   total 258048K, used 20480K [0x0000000705200000, 0x0000000800000000)
  region size 2048K, 11 young (22528K), 0 survivors (0K)
 Metaspace       used 5028K, committed 5184K, reserved 1114112K
  class space    used 538K, committed 640K, reserved 1048576K
}
Event: 0.473 GC heap after
{Heap after GC invocations=1 (full 0):
 garbage-first heap   total 258048K, used 7372K [0x0000000705200000, 0x0000000800000000)
  region size 2048K, 2 young (4096K), 2 survivors (4096K)
 Metaspace       used 5028K, committed 5184K, reserved 1114112K
  class space    used 538K, committed 640K, reserved 1048576K
}
Event: 0.943 GC heap before
{Heap before GC invocations=1 (full 0):
 garbage-first heap   total 258048K, used 33996K [0x0000000705200000, 0x0000000800000000)
  region size 2048K, 15 young (30720K), 2 survivors (4096K)
 Metaspace       used 12414K, committed 12736K, reserved 1114112K
  class space    used 1470K, committed 1600K, reserved 1048576K
}
Event: 0.947 GC heap after
{Heap after GC invocations=2 (full 0):
 garbage-first heap   total 258048K, used 9537K [0x0000000705200000, 0x0000000800000000)
  region size 2048K, 1 young (2048K), 1 survivors (2048K)
 Metaspace       used 12414K, committed 12736K, reserved 1114112K
  class space    used 1470K, committed 1600K, reserved 1048576K
}
Event: 1.705 GC heap before
{Heap before GC invocations=2 (full 0):
 garbage-first heap   total 258048K, used 58689K [0x0000000705200000, 0x0000000800000000)
  region size 2048K, 27 young (55296K), 1 survivors (2048K)
 Metaspace       used 21210K, committed 21504K, reserved 1114112K
  class space    used 2596K, committed 2752K, reserved 1048576K
}
Event: 1.709 GC heap after
{Heap after GC invocations=3 (full 0):
 garbage-first heap   total 258048K, used 13262K [0x0000000705200000, 0x0000000800000000)
  region size 2048K, 3 young (6144K), 3 survivors (6144K)
 Metaspace       used 21210K, committed 21504K, reserved 1114112K
  class space    used 2596K, committed 2752K, reserved 1048576K
}
Event: 2.685 GC heap before
{Heap before GC invocations=4 (full 0):
 garbage-first heap   total 49152K, used 48078K [0x0000000705200000, 0x0000000800000000)
  region size 2048K, 20 young (40960K), 3 survivors (6144K)
 Metaspace       used 27968K, committed 28416K, reserved 1114112K
  class space    used 3506K, committed 3712K, reserved 1048576K
}
Event: 2.692 GC heap after
{Heap after GC invocations=5 (full 0):
 garbage-first heap   total 59392K, used 16589K [0x0000000705200000, 0x0000000800000000)
  region size 2048K, 5 young (10240K), 5 survivors (10240K)
 Metaspace       used 27968K, committed 28416K, reserved 1114112K
  class space    used 3506K, committed 3712K, reserved 1048576K
}
Event: 3.079 GC heap before
{Heap before GC invocations=5 (full 0):
 garbage-first heap   total 59392K, used 41165K [0x0000000705200000, 0x0000000800000000)
  region size 2048K, 17 young (34816K), 5 survivors (10240K)
 Metaspace       used 32778K, committed 33280K, reserved 1114112K
  class space    used 4255K, committed 4480K, reserved 1048576K
}
Event: 3.087 GC heap after
{Heap after GC invocations=6 (full 0):
 garbage-first heap   total 59392K, used 19456K [0x0000000705200000, 0x0000000800000000)
  region size 2048K, 2 young (4096K), 2 survivors (4096K)
 Metaspace       used 32778K, committed 33280K, reserved 1114112K
  class space    used 4255K, committed 4480K, reserved 1048576K
}
Event: 3.279 GC heap before
{Heap before GC invocations=6 (full 0):
 garbage-first heap   total 59392K, used 29696K [0x0000000705200000, 0x0000000800000000)
  region size 2048K, 8 young (16384K), 2 survivors (4096K)
 Metaspace       used 35495K, committed 35968K, reserved 1114112K
  class space    used 4638K, committed 4864K, reserved 1048576K
}
Event: 3.284 GC heap after
{Heap after GC invocations=7 (full 0):
 garbage-first heap   total 59392K, used 19891K [0x0000000705200000, 0x0000000800000000)
  region size 2048K, 1 young (2048K), 1 survivors (2048K)
 Metaspace       used 35495K, committed 35968K, reserved 1114112K
  class space    used 4638K, committed 4864K, reserved 1048576K
}
Event: 3.621 GC heap before
{Heap before GC invocations=8 (full 0):
 garbage-first heap   total 59392K, used 46515K [0x0000000705200000, 0x0000000800000000)
  region size 2048K, 14 young (28672K), 1 survivors (2048K)
 Metaspace       used 41629K, committed 42240K, reserved 1114112K
  class space    used 5474K, committed 5760K, reserved 1048576K
}
Event: 3.627 GC heap after
{Heap after GC invocations=9 (full 0):
 garbage-first heap   total 59392K, used 22528K [0x0000000705200000, 0x0000000800000000)
  region size 2048K, 2 young (4096K), 2 survivors (4096K)
 Metaspace       used 41629K, committed 42240K, reserved 1114112K
  class space    used 5474K, committed 5760K, reserved 1048576K
}
Event: 3.930 GC heap before
{Heap before GC invocations=9 (full 0):
 garbage-first heap   total 59392K, used 47104K [0x0000000705200000, 0x0000000800000000)
  region size 2048K, 15 young (30720K), 2 survivors (4096K)
 Metaspace       used 48054K, committed 48640K, reserved 1114112K
  class space    used 6241K, committed 6528K, reserved 1048576K
}
Event: 3.939 GC heap after
{Heap after GC invocations=10 (full 0):
 garbage-first heap   total 159744K, used 25663K [0x0000000705200000, 0x0000000800000000)
  region size 2048K, 2 young (4096K), 2 survivors (4096K)
 Metaspace       used 48054K, committed 48640K, reserved 1114112K
  class space    used 6241K, committed 6528K, reserved 1048576K
}
Event: 4.374 GC heap before
{Heap before GC invocations=10 (full 0):
 garbage-first heap   total 159744K, used 101439K [0x0000000705200000, 0x0000000800000000)
  region size 2048K, 17 young (34816K), 2 survivors (4096K)
 Metaspace       used 53404K, committed 54080K, reserved 1114112K
  class space    used 7000K, committed 7296K, reserved 1048576K
}
Event: 4.381 GC heap after
{Heap after GC invocations=11 (full 0):
 garbage-first heap   total 159744K, used 78717K [0x0000000705200000, 0x0000000800000000)
  region size 2048K, 4 young (8192K), 4 survivors (8192K)
 Metaspace       used 53404K, committed 54080K, reserved 1114112K
  class space    used 7000K, committed 7296K, reserved 1048576K
}
Event: 4.408 GC heap before
{Heap before GC invocations=11 (full 0):
 garbage-first heap   total 159744K, used 86909K [0x0000000705200000, 0x0000000800000000)
  region size 2048K, 6 young (12288K), 4 survivors (8192K)
 Metaspace       used 53624K, committed 54272K, reserved 1114112K
  class space    used 7026K, committed 7296K, reserved 1048576K
}
Event: 4.412 GC heap after
{Heap after GC invocations=12 (full 0):
 garbage-first heap   total 159744K, used 85100K [0x0000000705200000, 0x0000000800000000)
  region size 2048K, 3 young (6144K), 3 survivors (6144K)
 Metaspace       used 53624K, committed 54272K, reserved 1114112K
  class space    used 7026K, committed 7296K, reserved 1048576K
}

Dll operation events (14 events):
Event: 0.006 Loaded shared library C:\Users\anuma\.jdks\azul-21.0.4\bin\java.dll
Event: 0.030 Loaded shared library C:\Users\anuma\.jdks\azul-21.0.4\bin\jsvml.dll
Event: 0.108 Loaded shared library C:\Users\anuma\.jdks\azul-21.0.4\bin\zip.dll
Event: 0.110 Loaded shared library C:\Users\anuma\.jdks\azul-21.0.4\bin\instrument.dll
Event: 0.115 Loaded shared library C:\Users\anuma\.jdks\azul-21.0.4\bin\net.dll
Event: 0.116 Loaded shared library C:\Users\anuma\.jdks\azul-21.0.4\bin\nio.dll
Event: 0.118 Loaded shared library C:\Users\anuma\.jdks\azul-21.0.4\bin\zip.dll
Event: 0.197 Loaded shared library C:\Program Files\JetBrains\IntelliJ IDEA Community Edition 2024.2.3\bin\breakgen64.dll
Event: 0.205 Loaded shared library C:\Users\anuma\.jdks\azul-21.0.4\bin\extnet.dll
Event: 0.230 Loaded shared library C:\Users\anuma\.jdks\azul-21.0.4\bin\jimage.dll
Event: 3.278 Loaded shared library C:\Users\anuma\.jdks\azul-21.0.4\bin\sunmscapi.dll
Event: 4.252 Loaded shared library C:\Users\anuma\.jdks\azul-21.0.4\bin\verify.dll
Event: 4.562 Loaded shared library C:\Users\anuma\.jdks\azul-21.0.4\bin\management.dll
Event: 4.565 Loaded shared library C:\Users\anuma\.jdks\azul-21.0.4\bin\management_ext.dll

Deoptimization events (20 events):
Event: 34.506 Thread 0x00000176f9a1f800 Uncommon trap: trap_request=0xffffffde fr.pc=0x00000176a0ac6338 relative=0x0000000000001a58
Event: 34.506 Thread 0x00000176f9a1f800 Uncommon trap: reason=class_check action=maybe_recompile pc=0x00000176a0ac6338 method=java.util.zip.InflaterInputStream.read([BII)I @ 78 c2
Event: 34.506 Thread 0x00000176f9a1f800 DEOPT PACKING pc=0x00000176a0ac6338 sp=0x00000033efcfd700
Event: 34.507 Thread 0x00000176f9a1f800 DEOPT UNPACKING pc=0x00000176a04446a2 sp=0x00000033efcfd760 mode 2
Event: 64.524 Thread 0x00000176f9a1d730 Uncommon trap: trap_request=0xffffffde fr.pc=0x00000176a0c7b654 relative=0x00000000000014f4
Event: 64.524 Thread 0x00000176f9a1d730 Uncommon trap: reason=class_check action=maybe_recompile pc=0x00000176a0c7b654 method=java.util.concurrent.ConcurrentHashMap.putVal(Ljava/lang/Object;Ljava/lang/Object;Z)Ljava/lang/Object; @ 159 c2
Event: 64.524 Thread 0x00000176f9a1d730 DEOPT PACKING pc=0x00000176a0c7b654 sp=0x00000033ef7fdf80
Event: 64.524 Thread 0x00000176f9a1d730 DEOPT UNPACKING pc=0x00000176a04446a2 sp=0x00000033ef7fdf10 mode 2
Event: 64.524 Thread 0x00000176f9a1d730 Uncommon trap: trap_request=0xffffff54 fr.pc=0x00000176a0b25258 relative=0x0000000000005b78
Event: 64.524 Thread 0x00000176f9a1d730 Uncommon trap: reason=speculate_null_assert action=make_not_entrant pc=0x00000176a0b25258 method=jdk.internal.util.ReferencedKeyMap.internKey(Ljdk/internal/util/ReferencedKeyMap;Ljava/lang/Object;)Ljava/lang/Object; @ 28 c2
Event: 64.524 Thread 0x00000176f9a1d730 DEOPT PACKING pc=0x00000176a0b25258 sp=0x00000033ef7fe060
Event: 64.524 Thread 0x00000176f9a1d730 DEOPT UNPACKING pc=0x00000176a04446a2 sp=0x00000033ef7fdf30 mode 2
Event: 613.490 Thread 0x00000176f7b7bce0 Uncommon trap: trap_request=0xffffff45 fr.pc=0x00000176a0a5abe4 relative=0x0000000000000064
Event: 613.490 Thread 0x00000176f7b7bce0 Uncommon trap: reason=unstable_if action=reinterpret pc=0x00000176a0a5abe4 method=java.lang.CharacterData.of(I)Ljava/lang/CharacterData; @ 15 c2
Event: 613.490 Thread 0x00000176f7b7bce0 DEOPT PACKING pc=0x00000176a0a5abe4 sp=0x00000033ec2fd780
Event: 613.491 Thread 0x00000176f7b7bce0 DEOPT UNPACKING pc=0x00000176a04446a2 sp=0x00000033ec2fd708 mode 2
Event: 613.492 Thread 0x00000176f7b7bce0 Uncommon trap: trap_request=0xffffff45 fr.pc=0x00000176a09f613c relative=0x000000000000009c
Event: 613.492 Thread 0x00000176f7b7bce0 Uncommon trap: reason=unstable_if action=reinterpret pc=0x00000176a09f613c method=java.lang.CharacterDataLatin1.isWhitespace(I)Z @ 14 c2
Event: 613.492 Thread 0x00000176f7b7bce0 DEOPT PACKING pc=0x00000176a09f613c sp=0x00000033ec2fd780
Event: 613.492 Thread 0x00000176f7b7bce0 DEOPT UNPACKING pc=0x00000176a04446a2 sp=0x00000033ec2fd6f0 mode 2

Classes loaded (20 events):
Event: 4.569 Loading class java/lang/management/DefaultPlatformMBeanProvider$10
Event: 4.569 Loading class java/lang/management/DefaultPlatformMBeanProvider$10 done
Event: 4.569 Loading class java/lang/management/DefaultPlatformMBeanProvider$11
Event: 4.569 Loading class java/lang/management/DefaultPlatformMBeanProvider$11 done
Event: 4.569 Loading class jdk/management/jfr/FlightRecorderMXBean
Event: 4.569 Loading class jdk/management/jfr/FlightRecorderMXBean done
Event: 4.569 Loading class jdk/management/jfr/internal/FlightRecorderMXBeanProvider$SingleMBeanComponent
Event: 4.569 Loading class jdk/management/jfr/internal/FlightRecorderMXBeanProvider$SingleMBeanComponent done
Event: 4.570 Loading class sun/management/RuntimeImpl
Event: 4.570 Loading class sun/management/RuntimeImpl done
Event: 4.573 Loading class java/util/IdentityHashMap$KeySpliterator
Event: 4.574 Loading class java/util/IdentityHashMap$IdentityHashMapSpliterator
Event: 4.574 Loading class java/util/IdentityHashMap$IdentityHashMapSpliterator done
Event: 4.574 Loading class java/util/IdentityHashMap$KeySpliterator done
Event: 14.043 Loading class java/util/concurrent/ConcurrentLinkedQueue$Itr
Event: 14.043 Loading class java/util/concurrent/ConcurrentLinkedQueue$Itr done
Event: 613.491 Loading class java/lang/CharacterDataUndefined
Event: 613.492 Loading class java/lang/CharacterDataUndefined done
Event: 613.578 Loading class java/nio/charset/IllegalCharsetNameException
Event: 613.579 Loading class java/nio/charset/IllegalCharsetNameException done

Classes unloaded (0 events):
No events

Classes redefined (0 events):
No events

Internal exceptions (20 events):
Event: 3.707 Thread 0x00000176f9aa9aa0 Exception <a 'sun/nio/fs/WindowsException'{0x00000007114cfd28}> (0x00000007114cfd28) 
thrown [s\src\hotspot\share\prims\jni.cpp, line 520]
Event: 3.885 Thread 0x000001768ef5eb50 Exception <a 'java/lang/IncompatibleClassChangeError'{0x0000000707746ae8}: Found class java.lang.Object, but interface was expected> (0x0000000707746ae8) 
thrown [s\src\hotspot\share\interpreter\linkResolver.cpp, line 840]
Event: 3.994 Thread 0x000001768ef5eb50 Exception <a 'java/lang/NoSuchMethodError'{0x00000007117d6480}: 'java.lang.Object java.lang.invoke.DirectMethodHandle$Holder.newInvokeSpecial(java.lang.Object, java.lang.Object, int, java.lang.Object, java.lang.Object)'> (0x00000007117d6480) 
thrown [s\src\hotspot\share\interpreter\linkResolver.cpp, line 773]
Event: 3.994 Thread 0x000001768ef5eb50 Exception <a 'java/lang/NoSuchMethodError'{0x00000007117da450}: 'java.lang.Object java.lang.invoke.DirectMethodHandle$Holder.invokeSpecial(java.lang.Object, java.lang.Object, java.lang.Object, int, java.lang.Object, java.lang.Object)'> (0x00000007117da450) 
thrown [s\src\hotspot\share\interpreter\linkResolver.cpp, line 773]
Event: 3.994 Thread 0x000001768ef5eb50 Exception <a 'java/lang/NoSuchMethodError'{0x00000007117dd728}: 'java.lang.Object java.lang.invoke.Invokers$Holder.linkToTargetMethod(java.lang.Object, int, java.lang.Object, java.lang.Object, java.lang.Object)'> (0x00000007117dd728) 
thrown [s\src\hotspot\share\interpreter\linkResolver.cpp, line 773]
Event: 4.035 Thread 0x000001768ef5eb50 Exception <a 'java/lang/NoSuchMethodError'{0x00000007115ec310}: 'double java.lang.invoke.DirectMethodHandle$Holder.invokeVirtual(java.lang.Object, java.lang.Object)'> (0x00000007115ec310) 
thrown [s\src\hotspot\share\interpreter\linkResolver.cpp, line 773]
Event: 4.046 Thread 0x00000176f9aa9aa0 Exception <a 'java/lang/NoSuchMethodError'{0x0000000711316138}: 'java.lang.Object java.lang.invoke.DirectMethodHandle$Holder.invokeStatic(java.lang.Object, java.lang.Object, int, java.lang.Object, java.lang.Object, java.lang.Object)'> (0x0000000711316138) 
thrown [s\src\hotspot\share\interpreter\linkResolver.cpp, line 773]
Event: 4.054 Thread 0x000001768ef5eb50 Exception <a 'java/lang/NoSuchMethodError'{0x0000000711357f60}: 'long java.lang.invoke.DirectMethodHandle$Holder.invokeVirtual(java.lang.Object, java.lang.Object)'> (0x0000000711357f60) 
thrown [s\src\hotspot\share\interpreter\linkResolver.cpp, line 773]
Event: 4.106 Thread 0x00000176f9aa9aa0 Exception <a 'java/lang/NoSuchMethodError'{0x000000070df1c9a0}: 'void java.lang.invoke.DirectMethodHandle$Holder.invokeSpecial(java.lang.Object, java.lang.Object, int, java.lang.Object)'> (0x000000070df1c9a0) 
thrown [s\src\hotspot\share\interpreter\linkResolver.cpp, line 773]
Event: 4.114 Thread 0x00000176f9aa9aa0 Exception <a 'java/lang/IncompatibleClassChangeError'{0x000000070dfd0940}: Found class java.lang.Object, but interface was expected> (0x000000070dfd0940) 
thrown [s\src\hotspot\share\interpreter\linkResolver.cpp, line 840]
Event: 4.116 Thread 0x00000176f9aa9aa0 Exception <a 'java/lang/NoSuchMethodError'{0x000000070dfd6be0}: 'java.lang.Object java.lang.invoke.DirectMethodHandle$Holder.newInvokeSpecial(java.lang.Object, int, java.lang.Object, java.lang.Object)'> (0x000000070dfd6be0) 
thrown [s\src\hotspot\share\interpreter\linkResolver.cpp, line 773]
Event: 4.468 Thread 0x000001768ef5eb50 Exception <a 'java/lang/NoSuchMethodError'{0x00000007116b4c70}: 'long java.lang.invoke.DirectMethodHandle$Holder.invokeStatic(java.lang.Object, java.lang.Object, int)'> (0x00000007116b4c70) 
thrown [s\src\hotspot\share\interpreter\linkResolver.cpp, line 773]
Event: 4.468 Thread 0x000001768ef5eb50 Exception <a 'java/lang/NoSuchMethodError'{0x00000007116bf6f0}: 'java.lang.Object java.lang.invoke.DelegatingMethodHandle$Holder.reinvoke_L(java.lang.Object, int, int, long, java.lang.Object, long, long, long)'> (0x00000007116bf6f0) 
thrown [s\src\hotspot\share\interpreter\linkResolver.cpp, line 773]
Event: 4.470 Thread 0x000001768ef5eb50 Exception <a 'java/lang/NoSuchMethodError'{0x00000007116e3398}: 'java.lang.Object java.lang.invoke.DelegatingMethodHandle$Holder.reinvoke_L(java.lang.Object, java.lang.Object, java.lang.Object, java.lang.Object, java.lang.Object, java.lang.Object, java.lang.Object, java.lang.Object, java.lang.Object, java.lang.Object, java.lang.Object, java.lang.Object, java.lang.Object, java.lang.Object, int, java.lang.Object, java.lang.Object, java.lang.Object, java.lang.Object, java.lang.Object, java.lang.Object, java.l
Event: 4.472 Thread 0x000001768ef5eb50 Exception <a 'java/lang/NoSuchMethodError'{0x000000071173a5f0}: 'java.lang.Object java.lang.invoke.DirectMethodHandle$Holder.invokeStatic(java.lang.Object, java.lang.Object, java.lang.Object, java.lang.Object, java.lang.Object, java.lang.Object, java.lang.Object, java.lang.Object, java.lang.Object, java.lang.Object, java.lang.Object, java.lang.Object, java.lang.Object)'> (0x000000071173a5f0) 
thrown [s\src\hotspot\share\interpreter\linkResolver.cpp, line 773]
Event: 4.472 Thread 0x000001768ef5eb50 Exception <a 'java/lang/NoSuchMethodError'{0x000000071175b488}: 'java.lang.Object java.lang.invoke.DirectMethodHandle$Holder.invokeStatic(java.lang.Object, java.lang.Object, java.lang.Object, java.lang.Object, java.lang.Object, java.lang.Object, java.lang.Object, java.lang.Object, java.lang.Object, java.lang.Object, java.lang.Object, java.lang.Object, java.lang.Object, java.lang.Object)'> (0x000000071175b488) 
thrown [s\src\hotspot\share\interpreter\linkResolver.cpp, line 773]
Event: 4.473 Thread 0x000001768ef5eb50 Exception <a 'java/lang/NoSuchMethodError'{0x0000000711771540}: 'java.lang.Object java.lang.invoke.DelegatingMethodHandle$Holder.reinvoke_L(java.lang.Object, java.lang.Object, java.lang.Object, java.lang.Object, java.lang.Object, java.lang.Object, java.lang.Object, java.lang.Object, java.lang.Object, java.lang.Object, java.lang.Object, java.lang.Object, java.lang.Object, java.lang.Object, java.lang.Object, java.lang.Object, java.lang.Object, java.lang.Object, java.lang.Object, java.lang.Object, java.lang.O
Event: 4.530 Thread 0x000001768ef5eb50 Exception <a 'java/lang/IncompatibleClassChangeError'{0x000000070e048ef8}: Found class java.lang.Object, but interface was expected> (0x000000070e048ef8) 
thrown [s\src\hotspot\share\interpreter\linkResolver.cpp, line 840]
Event: 613.636 Thread 0x00000176f7b7bce0 Exception <a 'java/lang/NoSuchMethodError'{0x000000070db55250}: 'java.lang.Object java.lang.invoke.Invokers$Holder.linkToTargetMethod(java.lang.Object, long, java.lang.Object)'> (0x000000070db55250) 
thrown [s\src\hotspot\share\interpreter\linkResolver.cpp, line 773]
Event: 613.815 Thread 0x00000176f9a1d0a0 Exception <a 'java/lang/NoSuchMethodError'{0x000000070d96ab80}: 'void java.lang.invoke.DirectMethodHandle$Holder.invokeSpecialIFC(java.lang.Object, java.lang.Object, java.lang.Object, java.lang.Object)'> (0x000000070d96ab80) 
thrown [s\src\hotspot\share\interpreter\linkResolver.cpp, line 773]

ZGC Phase Switch (0 events):
No events

VM Operations (20 events):
Event: 424.917 Executing VM operation: Cleanup
Event: 424.917 Executing VM operation: Cleanup done
Event: 455.171 Executing VM operation: Cleanup
Event: 455.171 Executing VM operation: Cleanup done
Event: 485.443 Executing VM operation: Cleanup
Event: 485.443 Executing VM operation: Cleanup done
Event: 515.680 Executing VM operation: Cleanup
Event: 515.680 Executing VM operation: Cleanup done
Event: 575.211 Executing VM operation: Cleanup
Event: 575.211 Executing VM operation: Cleanup done
Event: 605.480 Executing VM operation: Cleanup
Event: 605.480 Executing VM operation: Cleanup done
Event: 613.467 Executing VM operation: HandshakeAllThreads (Deoptimize)
Event: 613.469 Executing VM operation: HandshakeAllThreads (Deoptimize) done
Event: 613.703 Executing VM operation: HandshakeAllThreads (Deoptimize)
Event: 613.703 Executing VM operation: HandshakeAllThreads (Deoptimize) done
Event: 613.703 Executing VM operation: Cleanup
Event: 613.703 Executing VM operation: Cleanup done
Event: 613.738 Executing VM operation: HandshakeAllThreads (Deoptimize)
Event: 613.738 Executing VM operation: HandshakeAllThreads (Deoptimize) done

Memory protections (0 events):
No events

Nmethod flushes (20 events):
Event: 4.423 Thread 0x00000176b06a2cf0 flushing  nmethod 0x00000176994e6a90
Event: 4.423 Thread 0x00000176b06a2cf0 flushing  nmethod 0x0000017699508a10
Event: 4.423 Thread 0x00000176b06a2cf0 flushing  nmethod 0x000001769950f510
Event: 4.423 Thread 0x00000176b06a2cf0 flushing  nmethod 0x0000017699528d10
Event: 4.423 Thread 0x00000176b06a2cf0 flushing  nmethod 0x0000017699529510
Event: 4.423 Thread 0x00000176b06a2cf0 flushing  nmethod 0x0000017699571290
Event: 4.423 Thread 0x00000176b06a2cf0 flushing  nmethod 0x000001769959f490
Event: 4.423 Thread 0x00000176b06a2cf0 flushing  nmethod 0x00000176995bc110
Event: 4.423 Thread 0x00000176b06a2cf0 flushing  nmethod 0x00000176995d8d10
Event: 4.423 Thread 0x00000176b06a2cf0 flushing  nmethod 0x00000176995dfa10
Event: 4.423 Thread 0x00000176b06a2cf0 flushing  nmethod 0x00000176995e2190
Event: 4.423 Thread 0x00000176b06a2cf0 flushing  nmethod 0x0000017699608390
Event: 4.423 Thread 0x00000176b06a2cf0 flushing  nmethod 0x0000017699623190
Event: 4.423 Thread 0x00000176b06a2cf0 flushing  nmethod 0x0000017699624e10
Event: 4.423 Thread 0x00000176b06a2cf0 flushing  nmethod 0x000001769964b890
Event: 4.423 Thread 0x00000176b06a2cf0 flushing  nmethod 0x000001769964c210
Event: 4.423 Thread 0x00000176b06a2cf0 flushing  nmethod 0x0000017699651190
Event: 4.423 Thread 0x00000176b06a2cf0 flushing  nmethod 0x0000017699659b10
Event: 4.423 Thread 0x00000176b06a2cf0 flushing  nmethod 0x000001769965ab10
Event: 4.423 Thread 0x00000176b06a2cf0 flushing  nmethod 0x00000176996cf710

Events (20 events):
Event: 3.354 Thread 0x00000176f9aab4e0 Thread added: 0x00000176f9a181e0
Event: 3.354 Thread 0x00000176f9aab4e0 Thread added: 0x00000176f9a1a940
Event: 3.354 Thread 0x00000176f9aab4e0 Thread added: 0x00000176f9a1d0a0
Event: 3.354 Thread 0x00000176f9aab4e0 Thread added: 0x00000176f9a1ca10
Event: 3.399 Thread 0x00000176f9aab4e0 Thread added: 0x00000176f9a19c20
Event: 4.040 Thread 0x000001768ef5eb50 Thread added: 0x00000176f9a18f00
Event: 4.067 Thread 0x000001768ef5eb50 Thread added: 0x00000176f9a1e450
Event: 4.488 Thread 0x000001768ef5eb50 Thread added: 0x00000176f9a1d730
Event: 4.490 Thread 0x000001768ef5eb50 Thread added: 0x00000176f9a1ddc0
Event: 4.491 Thread 0x000001768ef5eb50 Thread added: 0x00000176f9a1afd0
Event: 4.525 Thread 0x000001768ef5eb50 Thread added: 0x00000176f9a1a2b0
Event: 4.532 Thread 0x000001768ef5eb50 Thread added: 0x00000176f9a1eae0
Event: 4.576 Thread 0x000001768ef5eb50 Thread exited: 0x000001768ef5eb50
Event: 4.576 Thread 0x00000176f9a1f170 Thread added: 0x00000176f9a1f170
Event: 9.584 Thread 0x00000176b06e3930 Thread exited: 0x00000176b06e3930
Event: 9.677 Thread 0x00000176b06e4da0 Thread exited: 0x00000176b06e4da0
Event: 34.489 Thread 0x00000176f9a1d730 Thread added: 0x00000176f9a1f800
Event: 34.504 Thread 0x00000176f9a1ddc0 Thread added: 0x00000176f9a18870
Event: 304.077 Thread 0x00000176f9a1e450 Thread added: 0x00000176f7b7afc0
Event: 613.402 Thread 0x00000176f9a1a2b0 Thread added: 0x00000176f7b7bce0


Dynamic libraries:
0x00007ff6f9170000 - 0x00007ff6f917e000 	C:\Users\anuma\.jdks\azul-21.0.4\bin\java.exe
0x00007ffa50b30000 - 0x00007ffa50d47000 	C:\windows\SYSTEM32\ntdll.dll
0x00007ffa4f190000 - 0x00007ffa4f254000 	C:\windows\System32\KERNEL32.DLL
0x00007ffa4e0e0000 - 0x00007ffa4e49a000 	C:\windows\System32\KERNELBASE.dll
0x00007ffa4e540000 - 0x00007ffa4e651000 	C:\windows\System32\ucrtbase.dll
0x00007ffa28f80000 - 0x00007ffa28f9b000 	C:\Users\anuma\.jdks\azul-21.0.4\bin\VCRUNTIME140.dll
0x00007ffa28f60000 - 0x00007ffa28f79000 	C:\Users\anuma\.jdks\azul-21.0.4\bin\jli.dll
0x00007ffa50300000 - 0x00007ffa504ae000 	C:\windows\System32\USER32.dll
0x00007ffa4e6e0000 - 0x00007ffa4e706000 	C:\windows\System32\win32u.dll
0x00007ffa2e470000 - 0x00007ffa2e702000 	C:\windows\WinSxS\amd64_microsoft.windows.common-controls_6595b64144ccf1df_6.0.22621.4541_none_2710d1c57384c085\COMCTL32.dll
0x00007ffa4ef20000 - 0x00007ffa4ef49000 	C:\windows\System32\GDI32.dll
0x00007ffa4f0e0000 - 0x00007ffa4f187000 	C:\windows\System32\msvcrt.dll
0x00007ffa4e710000 - 0x00007ffa4e82b000 	C:\windows\System32\gdi32full.dll
0x00007ffa4e4a0000 - 0x00007ffa4e53a000 	C:\windows\System32\msvcp_win.dll
0x00007ffa4f060000 - 0x00007ffa4f091000 	C:\windows\System32\IMM32.DLL
0x00007ffa28f50000 - 0x00007ffa28f5c000 	C:\Users\anuma\.jdks\azul-21.0.4\bin\vcruntime140_1.dll
0x00007ffa28ec0000 - 0x00007ffa28f4e000 	C:\Users\anuma\.jdks\azul-21.0.4\bin\msvcp140.dll
0x00007ff9dafd0000 - 0x00007ff9dbd6a000 	C:\Users\anuma\.jdks\azul-21.0.4\bin\server\jvm.dll
0x00007ffa4ee60000 - 0x00007ffa4ef12000 	C:\windows\System32\ADVAPI32.dll
0x00007ffa4ef50000 - 0x00007ffa4eff7000 	C:\windows\System32\sechost.dll
0x00007ffa4de00000 - 0x00007ffa4de28000 	C:\windows\System32\bcrypt.dll
0x00007ffa4fdf0000 - 0x00007ffa4ff04000 	C:\windows\System32\RPCRT4.dll
0x00007ffa4ede0000 - 0x00007ffa4ee51000 	C:\windows\System32\WS2_32.dll
0x00007ffa4cc50000 - 0x00007ffa4cc9d000 	C:\windows\SYSTEM32\POWRPROF.dll
0x00007ffa43a50000 - 0x00007ffa43a84000 	C:\windows\SYSTEM32\WINMM.dll
0x00007ffa42b90000 - 0x00007ffa42b9a000 	C:\windows\SYSTEM32\VERSION.dll
0x00007ffa4cc30000 - 0x00007ffa4cc43000 	C:\windows\SYSTEM32\UMPDC.dll
0x00007ffa4cef0000 - 0x00007ffa4cf08000 	C:\windows\SYSTEM32\kernel.appcore.dll
0x00007ffa28eb0000 - 0x00007ffa28eba000 	C:\Users\anuma\.jdks\azul-21.0.4\bin\jimage.dll
0x00007ffa4b070000 - 0x00007ffa4b2a2000 	C:\windows\SYSTEM32\DBGHELP.DLL
0x00007ffa4e890000 - 0x00007ffa4ec1f000 	C:\windows\System32\combase.dll
0x00007ffa50990000 - 0x00007ffa50a67000 	C:\windows\System32\OLEAUT32.dll
0x00007ffa2c7f0000 - 0x00007ffa2c822000 	C:\windows\SYSTEM32\dbgcore.DLL
0x00007ffa4de30000 - 0x00007ffa4deab000 	C:\windows\System32\bcryptPrimitives.dll
0x00007ffa2c8f0000 - 0x00007ffa2c8ff000 	C:\Users\anuma\.jdks\azul-21.0.4\bin\instrument.dll
0x00007ffa28e90000 - 0x00007ffa28eaf000 	C:\Users\anuma\.jdks\azul-21.0.4\bin\java.dll
0x00007ffa4f260000 - 0x00007ffa4fad8000 	C:\windows\System32\SHELL32.dll
0x00007ffa4bcf0000 - 0x00007ffa4c5f8000 	C:\windows\SYSTEM32\windows.storage.dll
0x00007ffa4ba40000 - 0x00007ffa4bb7f000 	C:\windows\SYSTEM32\wintypes.dll
0x00007ffa50080000 - 0x00007ffa5017a000 	C:\windows\System32\SHCORE.dll
0x00007ffa4f000000 - 0x00007ffa4f05e000 	C:\windows\System32\shlwapi.dll
0x00007ffa4dd30000 - 0x00007ffa4dd5b000 	C:\windows\SYSTEM32\profapi.dll
0x00007ffa28db0000 - 0x00007ffa28e87000 	C:\Users\anuma\.jdks\azul-21.0.4\bin\jsvml.dll
0x00007ff9dcf00000 - 0x00007ff9dcf18000 	C:\Users\anuma\.jdks\azul-21.0.4\bin\zip.dll
0x00007ffa28da0000 - 0x00007ffa28db0000 	C:\Users\anuma\.jdks\azul-21.0.4\bin\net.dll
0x00007ffa49750000 - 0x00007ffa49886000 	C:\windows\SYSTEM32\WINHTTP.dll
0x00007ffa4d360000 - 0x00007ffa4d3c9000 	C:\windows\system32\mswsock.dll
0x00007ff9dcf20000 - 0x00007ff9dcf36000 	C:\Users\anuma\.jdks\azul-21.0.4\bin\nio.dll
0x00007ffa2c8d0000 - 0x00007ffa2c8ea000 	C:\Program Files\JetBrains\IntelliJ IDEA Community Edition 2024.2.3\bin\breakgen64.dll
0x00007ff9e0f40000 - 0x00007ff9e0f49000 	C:\Users\anuma\.jdks\azul-21.0.4\bin\extnet.dll
0x00007ffa4c8c0000 - 0x00007ffa4c8ed000 	C:\windows\SYSTEM32\IPHLPAPI.DLL
0x00007ffa50280000 - 0x00007ffa50289000 	C:\windows\System32\NSI.dll
0x00007ffa4c8f0000 - 0x00007ffa4c9f2000 	C:\windows\SYSTEM32\DNSAPI.dll
0x00007ffa437b0000 - 0x00007ffa437ba000 	C:\Windows\System32\rasadhlp.dll
0x00007ffa43720000 - 0x00007ffa437a3000 	C:\windows\System32\fwpuclnt.dll
0x00007ff9e11a0000 - 0x00007ff9e11ae000 	C:\Users\anuma\.jdks\azul-21.0.4\bin\sunmscapi.dll
0x00007ffa4deb0000 - 0x00007ffa4e016000 	C:\windows\System32\CRYPT32.dll
0x00007ffa4d7a0000 - 0x00007ffa4d7cd000 	C:\windows\SYSTEM32\ncrypt.dll
0x00007ffa4d760000 - 0x00007ffa4d797000 	C:\windows\SYSTEM32\NTASN1.dll
0x00007ffa19060000 - 0x00007ffa19068000 	C:\windows\system32\wshunix.dll
0x00007ffa4d6b0000 - 0x00007ffa4d6cb000 	C:\windows\SYSTEM32\CRYPTSP.dll
0x00007ffa4ce50000 - 0x00007ffa4ce85000 	C:\windows\system32\rsaenh.dll
0x00007ffa4d400000 - 0x00007ffa4d428000 	C:\windows\SYSTEM32\USERENV.dll
0x00007ffa4d690000 - 0x00007ffa4d69c000 	C:\windows\SYSTEM32\CRYPTBASE.dll
0x00007ffa2c1b0000 - 0x00007ffa2c1c7000 	C:\windows\system32\napinsp.dll
0x00007ffa232c0000 - 0x00007ffa232db000 	C:\windows\system32\pnrpnsp.dll
0x00007ffa23160000 - 0x00007ffa23171000 	C:\windows\System32\winrnr.dll
0x00007ffa46460000 - 0x00007ffa46475000 	C:\windows\system32\wshbth.dll
0x00007ffa23130000 - 0x00007ffa23157000 	C:\windows\system32\nlansp_c.dll
0x00007ffa46a10000 - 0x00007ffa46a29000 	C:\windows\SYSTEM32\dhcpcsvc6.DLL
0x00007ffa468a0000 - 0x00007ffa468bf000 	C:\windows\SYSTEM32\dhcpcsvc.DLL
0x00007ffa2c180000 - 0x00007ffa2c190000 	C:\Users\anuma\.jdks\azul-21.0.4\bin\verify.dll
0x00007ffa2c8c0000 - 0x00007ffa2c8ca000 	C:\Users\anuma\.jdks\azul-21.0.4\bin\management.dll
0x00007ffa2c8b0000 - 0x00007ffa2c8bb000 	C:\Users\anuma\.jdks\azul-21.0.4\bin\management_ext.dll
0x00007ffa4e880000 - 0x00007ffa4e888000 	C:\windows\System32\PSAPI.DLL

dbghelp: loaded successfully - version: 4.0.5 - missing functions: none
symbol engine: initialized successfully - sym options: 0x614 - pdb path: .;C:\Users\anuma\.jdks\azul-21.0.4\bin;C:\windows\SYSTEM32;C:\windows\WinSxS\amd64_microsoft.windows.common-controls_6595b64144ccf1df_6.0.22621.4541_none_2710d1c57384c085;C:\Users\anuma\.jdks\azul-21.0.4\bin\server;C:\Program Files\JetBrains\IntelliJ IDEA Community Edition 2024.2.3\bin

VM Arguments:
jvm_args: -javaagent:C:\Program Files\JetBrains\IntelliJ IDEA Community Edition 2024.2.3\lib\idea_rt.jar=61644:C:\Program Files\JetBrains\IntelliJ IDEA Community Edition 2024.2.3\bin -Dfile.encoding=UTF-8 -Dsun.stdout.encoding=UTF-8 -Dsun.stderr.encoding=UTF-8 
java_command: dev.qeats.user_service.UserServiceApplication
java_class_path (initial): D:\QEats\user-service\target\classes;C:\Users\anuma\.m2\repository\org\springframework\cloud\spring-cloud-netflix-eureka-client\4.1.3\spring-cloud-netflix-eureka-client-4.1.3.jar;C:\Users\anuma\.m2\repository\com\netflix\eureka\eureka-client\2.0.3\eureka-client-2.0.3.jar;C:\Users\anuma\.m2\repository\com\thoughtworks\xstream\xstream\1.4.20\xstream-1.4.20.jar;C:\Users\anuma\.m2\repository\io\github\x-stream\mxparser\1.2.2\mxparser-1.2.2.jar;C:\Users\anuma\.m2\repository\xmlpull\xmlpull\1.1.3.1\xmlpull-1.1.3.1.jar;C:\Users\anuma\.m2\repository\jakarta\ws\rs\jakarta.ws.rs-api\3.1.0\jakarta.ws.rs-api-3.1.0.jar;C:\Users\anuma\.m2\repository\jakarta\inject\jakarta.inject-api\2.0.1\jakarta.inject-api-2.0.1.jar;C:\Users\anuma\.m2\repository\jakarta\annotation\jakarta.annotation-api\2.1.1\jakarta.annotation-api-2.1.1.jar;C:\Users\anuma\.m2\repository\com\netflix\spectator\spectator-api\1.7.3\spectator-api-1.7.3.jar;C:\Users\anuma\.m2\repository\org\slf4j\slf4j-api\2.0.16\slf4j-api-2.0.16.jar;C:\Users\anuma\.m2\repository\org\apache\httpcomponents\httpclient\4.5.3\httpclient-4.5.3.jar;C:\Users\anuma\.m2\repository\org\apache\httpcomponents\httpcore\4.4.16\httpcore-4.4.16.jar;C:\Users\anuma\.m2\repository\commons-codec\commons-codec\1.16.1\commons-codec-1.16.1.jar;C:\Users\anuma\.m2\repository\commons-configuration\commons-configuration\1.10\commons-configuration-1.10.jar;C:\Users\anuma\.m2\repository\commons-lang\commons-lang\2.6\commons-lang-2.6.jar;C:\Users\anuma\.m2\repository\com\fasterxml\jackson\core\jackson-annotations\2.17.2\jackson-annotations-2.17.2.jar;C:\Users\anuma\.m2\repository\com\fasterxml\jackson\core\jackson-core\2.17.2\jackson-core-2.17.2.jar;C:\Users\anuma\.m2\repository\com\fasterxml\jackson\core\jackson-databind\2.17.2\jackson-databind-2.17.2.jar;C:\Users\anuma\.m2\repository\com\netflix\netflix-commons\netflix-eventbus\0.3.0\netflix-eventbus-0.3.0.jar;C:\Users\anuma\.m2\repository\com\netflix\netflix-commons\netflix-infix\0.3.0\netflix-infix-0.3.0.jar;C:\Users\anuma\.m2\repository\commons-jxpath\commons-jxpath\1.3\commons-jxpath-1.3.jar;C:\Users\anuma\.m2\repository\joda-time\joda-time\2.3\joda-time-2.3.jar;C:\Users\anuma\.m2\repository\org\antlr\antlr-runtime\3.4\antlr-runtime-3.4.jar;C:\Users\anuma\.m2\repository\org\antlr\stringtemplate\3.2.1\stringtemplate-3.2.1.jar;C:\Users\anuma\.m2\repository\antlr\antlr\2.7.7\antlr-2.7.7.jar;C:\Users\anuma\.m2\repository\com\google\guava\guava\14.0.1\guava-14.0.1.jar;C:\Users\anuma\.m2\repository\com\google\code\gson\gson\2.10.1\gson-2.10.1.jar;C:\Users\anuma\.m2\repository\com\netflix\servo\servo-core\0.5.3\servo-core-0.5.3.jar;C:\Users\anuma\.m2\repository\org\apache\commons\commons-math\2.2\commons-math-2.2.jar;C:\Users\anuma\.m2\repository\javax\annotation\javax.annotation-api\1.2\javax.annotation-api-1.2.jar;C:\Users\anuma\.m2\repository\org\codehaus\jettison\jettison\1.5.4\jettison-1.5.4.jar;C:\Users\anuma\.m2\repository\org\apache\httpcomponents\client5\httpclient5\5.3.1\httpclient5-5.3.1.jar;C:\Users\anuma\.m2\repository\org\apache\httpcomponents\core5\httpcore5\5.2.5\httpcore5-5.2.5.jar;C:\Users\anuma\.m2\repository\org\apache\httpcomponents\core5\httpcore5-h2\5.2.5\httpcore5-h2-5.2.5.jar;C:\Users\anuma\.m2\repository\org\springframework\boot\spring-boot-starter-data-r2dbc\3.3.4\spring-boot-starter-data-r2dbc-3.3.4.jar;C:\Users\anuma\.m2\repository\org\springframework\boot\spring-boot-starter\3.3.4\spring-boot-starter-3.3.4.jar;C:\Users\anuma\.m2\repository\org\springframework\boot\spring-boot\3.3.4\spring-boot-3.3.4.jar;C:\Users\anuma\.m2\repository\org\springframework\boot\spring-boot-autoconfigure\3.3.4\spring-boot-autoconfigure-3.3.4.jar;C:\Users\anuma\.m2\repository\org\springframework\boot\spring-boot-starter-logging\3.3.4\spring-boot-starter-logging-3.3.4.jar;C:\Users\anuma\.m2\repository\ch\qos\logback\logback-classic\1.5.8\logback-classic-1.5.8.jar;C:\Users\anuma\.m2\repository\ch\qos\logback\logback-core\1.5.8\logback-core-1.5.8.jar;C:\Users\anuma\.m2\repository\org\apache\logging\log4j\log4j-to-slf4j\2.23.1\log4j-to-slf4j-2.23.1.jar;C:\Users\anuma\.m2\repository\org\apache\logging\log4j\log4j-api\2.23.1\log4j-api-2.23.1.jar;C:\Users\anuma\.m2\repository\org\slf4j\jul-to-slf4j\2.0.16\jul-to-slf4j-2.0.16.jar;C:\Users\anuma\.m2\repository\org\yaml\snakeyaml\2.2\snakeyaml-2.2.jar;C:\Users\anuma\.m2\repository\org\springframework\data\spring-data-r2dbc\3.3.4\spring-data-r2dbc-3.3.4.jar;C:\Users\anuma\.m2\repository\org\springframework\data\spring-data-relational\3.3.4\spring-data-relational-3.3.4.jar;C:\Users\anuma\.m2\repository\org\springframework\data\spring-data-commons\3.3.4\spring-data-commons-3.3.4.jar;C:\Users\anuma\.m2\repository\org\springframework\spring-context\6.1.13\spring-context-6.1.13.jar;C:\Users\anuma\.m2\repository\org\springframework\spring-r2dbc\6.1.13\spring-r2dbc-6.1.13.jar;C:\Users\anuma\.m2\repository\io\r2dbc\r2dbc-spi\1.0.0.RELEASE\r2dbc-spi-1.0.0.RELEASE.jar;C:\Users\anuma\.m2\repository\org\reactivestreams\reactive-streams\1.0.4\reactive-streams-1.0.4.jar;C:\Users\anuma\.m2\repository\io\r2dbc\r2dbc-pool\1.0.1.RELEASE\r2dbc-pool-1.0.1.RELEASE.jar;C:\Users\anuma\.m2\repository\io\projectreactor\addons\reactor-pool\1.0.8\reactor-pool-1.0.8.jar;C:\Users\anuma\.m2\repository\jakarta\persistence\jakarta.persistence-api\3.1.0\jakarta.persistence-api-3.1.0.jar;C:\Users\anuma\.m2\repository\io\asyncer\r2dbc-mysql\1.2.0\r2dbc-mysql-1.2.0.jar;C:\Users\anuma\.m2\repository\io\projectreactor\reactor-core\3.6.10\reactor-core-3.6.10.jar;C:\Users\anuma\.m2\repository\io\projectreactor\netty\reactor-netty-core\1.1.22\reactor-netty-core-1.1.22.jar;C:\Users\anuma\.m2\repository\io\netty\netty-handler\4.1.113.Final\netty-handler-4.1.113.Final.jar;C:\Users\anuma\.m2\repository\io\netty\netty-common\4.1.113.Final\netty-common-4.1.113.Final.jar;C:\Users\anuma\.m2\repository\io\netty\netty-resolver\4.1.113.Final\netty-resolver-4.1.113.Final.jar;C:\Users\anuma\.m2\repository\io\netty\netty-buffer\4.1.113.Final\netty-buffer-4.1.113.Final.jar;C:\Users\anuma\.m2\repository\io\netty\netty-transport\4.1.113.Final\netty-transport-4.1.113.Final.jar;C:\Users\anuma\.m2\repository\io\netty\netty-transport-native-unix-common\4.1.113.Final\netty-transport-native-unix-common-4.1.113.Final.jar;C:\Users\anuma\.m2\repository\io\netty\netty-codec\4.1.113.Final\netty-codec-4.1.113.Final.jar;C:\Users\anuma\.m2\repository\io\netty\netty-handler-proxy\4.1.113.Final\netty-handler-proxy-4.1.113.Final.jar;C:\Users\anuma\.m2\repository\io\netty\netty-codec-socks\4.1.113.Final\netty-codec-socks-4.1.113.Final.jar;C:\Users\anuma\.m2\repository\io\netty\netty-codec-http\4.1.113.Final\netty-codec-http-4.1.113.Final.jar;C:\Users\anuma\.m2\repository\io\netty\netty-resolver-dns\4.1.113.Final\netty-resolver-dns-4.1.113.Final.jar;C:\Users\anuma\.m2\repository\io\netty\netty-codec-dns\4.1.113.Final\netty-codec-dns-4.1.113.Final.jar;C:\Users\anuma\.m2\repository\io\netty\netty-resolver-dns-native-macos\4.1.113.Final\netty-resolver-dns-native-macos-4.1.113.Final-osx-x86_64.jar;C:\Users\anuma\.m2\repository\io\netty\netty-resolver-dns-classes-macos\4.1.113.Final\netty-resolver-dns-classes-macos-4.1.113.Final.jar;C:\Users\anuma\.m2\repository\io\netty\netty-transport-native-epoll\4.1.113.Final\netty-transport-native-epoll-4.1.113.Final-linux-x86_64.jar;C:\Users\anuma\.m2\repository\io\netty\netty-transport-classes-epoll\4.1.113.Final\netty-transport-classes-epoll-4.1.113.Final.jar;C:\Users\anuma\.m2\repository\com\mysql\mysql-connector-j\8.3.0\mysql-connector-j-8.3.0.jar;C:\Users\anuma\.m2\repository\org\springframework\spring-jdbc\6.1.13\spring-jdbc-6.1.13.jar;C:\Users\anuma\.m2\repository\org\springframework\spring-beans\6.1.13\spring-beans-6.1.13.jar;C:\Users\anuma\.m2\repository\org\springframework\spring-core\6.1.13\spring-core-6.1.13.jar;C:\Users\anuma\.m2\repository\org\springframework\spring-jcl\6.1.13\spring-jcl-6.1.13.jar;C:\Users\anuma\.m2\repository\org\springframework\spring-tx\6.1.13\spring-tx-6.1.13.jar;C:\Users\anuma\.m2\repository\org\springframework\security\spring-security-oauth2-resource-server\6.3.3\spring-security-oauth2-resource-server-6.3.3.jar;C:\Users\anuma\.m2\repository\org\springframework\security\spring-security-core\6.3.3\spring-security-core-6.3.3.jar;C:\Users\anuma\.m2\repository\org\springframework\security\spring-security-crypto\6.3.3\spring-security-crypto-6.3.3.jar;C:\Users\anuma\.m2\repository\org\springframework\spring-aop\6.1.13\spring-aop-6.1.13.jar;C:\Users\anuma\.m2\repository\org\springframework\spring-expression\6.1.13\spring-expression-6.1.13.jar;C:\Users\anuma\.m2\repository\io\micrometer\micrometer-observation\1.13.4\micrometer-observation-1.13.4.jar;C:\Users\anuma\.m2\repository\io\micrometer\micrometer-commons\1.13.4\micrometer-commons-1.13.4.jar;C:\Users\anuma\.m2\repository\org\springframework\security\spring-security-oauth2-core\6.3.3\spring-security-oauth2-core-6.3.3.jar;C:\Users\anuma\.m2\repository\org\springframework\security\spring-security-web\6.3.3\spring-security-web-6.3.3.jar;C:\Users\anuma\.m2\repository\org\modelmapper\modelmapper\3.2.0\modelmapper-3.2.0.jar;C:\Users\anuma\.m2\repository\org\springframework\boot\spring-boot-starter-webflux\3.3.4\spring-boot-starter-webflux-3.3.4.jar;C:\Users\anuma\.m2\repository\org\springframework\boot\spring-boot-starter-json\3.3.4\spring-boot-starter-json-3.3.4.jar;C:\Users\anuma\.m2\repository\com\fasterxml\jackson\datatype\jackson-datatype-jdk8\2.17.2\jackson-datatype-jdk8-2.17.2.jar;C:\Users\anuma\.m2\repository\com\fasterxml\jackson\datatype\jackson-datatype-jsr310\2.17.2\jackson-datatype-jsr310-2.17.2.jar;C:\Users\anuma\.m2\repository\com\fasterxml\jackson\module\jackson-module-parameter-names\2.17.2\jackson-module-parameter-names-2.17.2.jar;C:\Users\anuma\.m2\repository\org\springframework\boot\spring-boot-starter-reactor-netty\3.3.4\spring-boot-starter-reactor-netty-3.3.4.jar;C:\Users\anuma\.m2\repository\io\projectreactor\netty\reactor-netty-http\1.1.22\reactor-netty-http-1.1.22.jar;C:\Users\anuma\.m2\repository\io\netty\netty-codec-http2\4.1.113.Final\netty-codec-http2-4.1.113.Final.jar;C:\Users\anuma\.m2\repository\org\springframework\spring-web\6.1.13\spring-web-6.1.13.jar;C:\Users\anuma\.m2\repository\org\springframework\spring-webflux\6.1.13\spring-webflux-6.1.13.jar;C:\Users\anuma\.m2\repository\org\projectlombok\lombok\1.18.34\lombok-1.18.34.jar;C:\Users\anuma\.m2\repository\org\springframework\cloud\spring-cloud-starter\4.1.4\spring-cloud-starter-4.1.4.jar;C:\Users\anuma\.m2\repository\org\springframework\cloud\spring-cloud-context\4.1.4\spring-cloud-context-4.1.4.jar;C:\Users\anuma\.m2\repository\org\springframework\cloud\spring-cloud-commons\4.1.4\spring-cloud-commons-4.1.4.jar;C:\Users\anuma\.m2\repository\org\springframework\security\spring-security-rsa\1.1.3\spring-security-rsa-1.1.3.jar;C:\Users\anuma\.m2\repository\org\bouncycastle\bcprov-jdk18on\1.78\bcprov-jdk18on-1.78.jar
Launcher Type: SUN_STANDARD

[Global flags]
     intx CICompilerCount                          = 4                                         {product} {ergonomic}
     uint ConcGCThreads                            = 3                                         {product} {ergonomic}
     uint G1ConcRefinementThreads                  = 10                                        {product} {ergonomic}
   size_t G1HeapRegionSize                         = 2097152                                   {product} {ergonomic}
    uintx GCDrainStackTargetSize                   = 64                                        {product} {ergonomic}
   size_t InitialHeapSize                          = 264241152                                 {product} {ergonomic}
   size_t MarkStackSize                            = 4194304                                   {product} {ergonomic}
   size_t MaxHeapSize                              = 4208984064                                {product} {ergonomic}
   size_t MaxNewSize                               = 2524971008                                {product} {ergonomic}
   size_t MinHeapDeltaBytes                        = 2097152                                   {product} {ergonomic}
   size_t MinHeapSize                              = 8388608                                   {product} {ergonomic}
    uintx NonNMethodCodeHeapSize                   = 5839372                                {pd product} {ergonomic}
    uintx NonProfiledCodeHeapSize                  = 122909434                              {pd product} {ergonomic}
    uintx ProfiledCodeHeapSize                     = 122909434                              {pd product} {ergonomic}
    uintx ReservedCodeCacheSize                    = 251658240                              {pd product} {ergonomic}
     bool SegmentedCodeCache                       = true                                      {product} {ergonomic}
   size_t SoftMaxHeapSize                          = 4208984064                             {manageable} {ergonomic}
     bool UseCompressedOops                        = true                           {product lp64_product} {ergonomic}
     bool UseG1GC                                  = true                                      {product} {ergonomic}
     bool UseLargePagesIndividualAllocation        = false                                  {pd product} {ergonomic}

Logging:
Log output configuration:
 #0: stdout all=warning uptime,level,tags foldmultilines=false
 #1: stderr all=off uptime,level,tags foldmultilines=false

Environment Variables:
JAVA_HOME=C:\Users\anuma\.jdks\openjdk-22.0.1
PATH=C:\windows\system32;C:\windows;C:\windows\System32\Wbem;C:\windows\System32\WindowsPowerShell\v1.0\;C:\windows\System32\OpenSSH\;C:\Program Files (x86)\NVIDIA Corporation\PhysX\Common;D:\curl-8.1.2_3-win64-mingw\curl-8.1.2_3-win64-mingw\bin;C:\Program Files\PuTTY\;C:\Users\anuma\Downloads\spring-boot-cli-3.1.2-bin\spring-3.1.2\bin;D:\Softwares\apache-maven-3.9.3-bin\apache-maven-3.9.3\bin;C:\Program Files\Docker\Docker\resources\bin;C:\Users\anuma\AppData\Roaming\nvm;C:\Program Files\nodejs;C:\Program Files (x86)\NoteBook FanControl\;C:\Program Files\HP\HP One Agent;D:\kubernetes;C:\Program Files\Git\cmd;C:\ProgramData\chocolatey\bin;D:\Softwares\httpd-2.4.59-240605-win64-VS17\Apache24\bin;C:\Users\anuma\.jdks\openjdk-22.0.1\bin;;C:\Program Files\NVIDIA Corporation\NVIDIA app\NvDLISR;C:\Program Files (x86)\Microsoft SQL Server\160\DTS\Binn\;C:\Program Files\nodejs\;C:\Users\anuma\AppData\Local\Programs\Python\Python311\Scripts\;C:\Users\anuma\AppData\Local\Programs\Python\Python311\;C:\Users\anuma\AppData\Local\Microsoft\WindowsApps;C:\Users\anuma\AppData\Local\Programs\Microsoft VS Code\bin;C:\Program Files\JetBrains\IntelliJ IDEA 2023.3.1\bin;;C:\Program Files\JetBrains\IntelliJ IDEA Community Edition 2024.1.3\bin;;C:\Program Files\JetBrains\WebStorm 2023.2\bin;;C:\Users\anuma\AppData\Roaming\nvm;C:\Program Files\nodejs;C:\Program Files\Azure Data Studio\bin;C:\Users\anuma\AppData\Local\GitHubDesktop\bin;C:\Users\anuma\AppData\Local\Microsoft\WinGet\Links;C:\Program Files\Neovim\bin;C:\Users\anuma\.fly\bin;C:\Program Files\JetBrains\IntelliJ IDEA 2024.2.3\bin;;C:\Program Files\JetBrains\IntelliJ IDEA Community Edition 2024.2.3\bin;;C:\Users\anuma\AppData\Roaming\npm;C:\Program Files\JetBrains\WebStorm 2024.2.4\bin;
USERNAME=anuma
OS=Windows_NT
PROCESSOR_IDENTIFIER=Intel64 Family 6 Model 154 Stepping 3, GenuineIntel
TMP=C:\Users\anuma\AppData\Local\Temp
TEMP=C:\Users\anuma\AppData\Local\Temp




Periodic native trim disabled

---------------  S Y S T E M  ---------------

OS:
 Windows 11 , 64 bit Build 22621 (10.0.22621.4391)
OS uptime: 1 days 0:12 hours
Hyper-V role detected

CPU: total 12 (initial active 12) (6 cores per cpu, 2 threads per core) family 6 model 154 stepping 3 microcode 0x432, cx8, cmov, fxsr, ht, mmx, 3dnowpref, sse, sse2, sse3, ssse3, sse4.1, sse4.2, popcnt, lzcnt, tsc, tscinvbit, avx, avx2, aes, erms, clmul, bmi1, bmi2, adx, sha, fma, vzeroupper, clflush, clflushopt, clwb, hv, serialize, rdtscp, rdpid, fsrm, f16c, cet_ibt, cet_ss
Processor Information for processor 0
  Max Mhz: 2000, Current Mhz: 2000, Mhz Limit: 2000
Processor Information for processor 1
  Max Mhz: 2000, Current Mhz: 2000, Mhz Limit: 2000
Processor Information for processor 2
  Max Mhz: 2000, Current Mhz: 2000, Mhz Limit: 2000
Processor Information for processor 3
  Max Mhz: 2000, Current Mhz: 2000, Mhz Limit: 2000
Processor Information for processor 4
  Max Mhz: 2000, Current Mhz: 2000, Mhz Limit: 2000
Processor Information for processor 5
  Max Mhz: 2000, Current Mhz: 2000, Mhz Limit: 2000
Processor Information for processor 6
  Max Mhz: 2000, Current Mhz: 2000, Mhz Limit: 2000
Processor Information for processor 7
  Max Mhz: 2000, Current Mhz: 2000, Mhz Limit: 2000
Processor Information for processor 8
  Max Mhz: 2000, Current Mhz: 1500, Mhz Limit: 1500
Processor Information for processor 9
  Max Mhz: 2000, Current Mhz: 1500, Mhz Limit: 1500
Processor Information for processor 10
  Max Mhz: 2000, Current Mhz: 1500, Mhz Limit: 1500
Processor Information for processor 11
  Max Mhz: 2000, Current Mhz: 1500, Mhz Limit: 1500

Memory: 4k page, system-wide physical 16052M (533M free)
TotalPageFile size 40628M (AvailPageFile size 1M)
current process WorkingSet (physical memory assigned to process): 125M, peak: 359M
current process commit charge ("private bytes"): 408M, peak: 447M

vm_info: OpenJDK 64-Bit Server VM (21.0.4+7-LTS) for windows-amd64 JRE (21.0.4+7-LTS) (Zulu21.36+17-CA), built on 2024-07-09T22:03:30Z by "zulu_re" with MS VC++ 17.1 (VS2022)

END.
