#
# There is insufficient memory for the Java Runtime Environment to continue.
# Native memory allocation (malloc) failed to allocate 229296 bytes. Error detail: Chunk::new
# Possible reasons:
#   The system is out of physical RAM or swap space
#   This process is running with CompressedOops enabled, and the Java Heap may be blocking the growth of the native heap
# Possible solutions:
#   Reduce memory load on the system
#   Increase physical memory or swap space
#   Check if swap backing store is full
#   Decrease Java heap size (-Xmx/-Xms)
#   Decrease number of Java threads
#   Decrease Java thread stack sizes (-Xss)
#   Set larger code cache with -XX:ReservedCodeCacheSize=
#   JVM is running with Zero Based Compressed Oops mode in which the Java heap is
#     placed in the first 32GB address space. The Java Heap base address is the
#     maximum limit for the native heap growth. Please use -XX:HeapBaseMinAddress
#     to set the Java Heap base and to place the Java Heap above 32GB virtual address.
# This output file may be truncated or incomplete.
#
#  Out of Memory Error (arena.cpp:168), pid=11992, tid=35652
#
# JRE version: OpenJDK Runtime Environment Zulu21.36+17-CA (21.0.4+7) (build 21.0.4+7-LTS)
# Java VM: OpenJDK 64-Bit Server VM Zulu21.36+17-CA (21.0.4+7-LTS, mixed mode, sharing, tiered, compressed oops, compressed class ptrs, g1 gc, windows-amd64)
# No core dump will be written. Minidumps are not enabled by default on client versions of Windows
#

---------------  S U M M A R Y ------------

Command Line: -javaagent:C:\Program Files\JetBrains\IntelliJ IDEA Community Edition 2024.2.3\lib\idea_rt.jar=53187:C:\Program Files\JetBrains\IntelliJ IDEA Community Edition 2024.2.3\bin -Dfile.encoding=UTF-8 -Dsun.stdout.encoding=UTF-8 -Dsun.stderr.encoding=UTF-8 dev.qeats.order_service.OrderServiceApplication

Host: 12th Gen Intel(R) Core(TM) i5-12450H, 12 cores, 15G,  Windows 11 , 64 bit Build 22621 (10.0.22621.4391)
Time: Mon Dec 30 12:24:15 2024 India Standard Time elapsed time: 61554.866679 seconds (0d 17h 5m 54s)

---------------  T H R E A D  ---------------

Current thread (0x0000014b779852e0):  JavaThread "C2 CompilerThread0" daemon [_thread_in_native, id=35652, stack(0x000000110b100000,0x000000110b200000) (1024K)]


Current CompileTask:
C2:61554866 12129       4       org.springframework.http.support.HttpComponentsHeadersAdapter$HeaderEntry::getValue (5 bytes)

Stack: [0x000000110b100000,0x000000110b200000]
Native frames: (J=compiled Java code, j=interpreted, Vv=VM code, C=native code)
V  [jvm.dll+0x6d6f99]
V  [jvm.dll+0x8b1f81]
V  [jvm.dll+0x8b42ee]
V  [jvm.dll+0x8b49d3]
V  [jvm.dll+0x286b56]
V  [jvm.dll+0xc5b5d]
V  [jvm.dll+0xc6093]
V  [jvm.dll+0x2fa58f]
V  [jvm.dll+0x5ff6a6]
V  [jvm.dll+0x2548e2]
V  [jvm.dll+0x24d277]
V  [jvm.dll+0x24acdc]
V  [jvm.dll+0x1ca444]
V  [jvm.dll+0x25a529]
V  [jvm.dll+0x258aaa]
V  [jvm.dll+0x3f90b6]
V  [jvm.dll+0x85ade8]
V  [jvm.dll+0x6d56ad]
C  [ucrtbase.dll+0x29333]
C  [KERNEL32.DLL+0x1259d]
C  [ntdll.dll+0x5af38]


---------------  P R O C E S S  ---------------

Threads class SMR info:
_java_thread_list=0x0000014b7e0f3ef0, length=51, elements={
0x0000014b779674e0, 0x0000014b77968400, 0x0000014b7796afd0, 0x0000014b7796bd90,
0x0000014b77976320, 0x0000014b77980410, 0x0000014b779852e0, 0x0000014b77ab0090,
0x0000014b77933c80, 0x0000014b7c28eb10, 0x0000014b7c28f180, 0x0000014b7ed4b470,
0x0000014b41950fc0, 0x0000014b419f6fe0, 0x0000014b41257120, 0x0000014b4159e330,
0x0000014b4159d610, 0x0000014b4159e9c0, 0x0000014b43ab8b90, 0x0000014b43ab6ac0,
0x0000014b43ab6430, 0x0000014b43ab5da0, 0x0000014b43ab7150, 0x0000014b43ab77e0,
0x0000014b43ab7e70, 0x0000014b43ab8500, 0x0000014b43ab5710, 0x0000014b4159f6e0,
0x0000014b4159fd70, 0x0000014b7c82edc0, 0x0000014b7c82c660, 0x0000014b7c832f60,
0x0000014b7c830e90, 0x0000014b7c830170, 0x0000014b7c82d380, 0x0000014b7c830800,
0x0000014b7c82da10, 0x0000014b7c831520, 0x0000014b7c82f450, 0x0000014b7c831bb0,
0x0000014b7c82fae0, 0x0000014b7c832240, 0x0000014b7c82e730, 0x0000014b7c5fcfe0,
0x0000014b7c5ffdd0, 0x0000014b7c600af0, 0x0000014b7c5f9b60, 0x0000014b7c5fa1f0,
0x0000014b7c600460, 0x0000014b7c5fa880, 0x0000014b7c5faf10
}

Java Threads: ( => current thread )
  0x0000014b779674e0 JavaThread "Reference Handler"          daemon [_thread_blocked, id=36220, stack(0x000000110ab00000,0x000000110ac00000) (1024K)]
  0x0000014b77968400 JavaThread "Finalizer"                  daemon [_thread_blocked, id=8088, stack(0x000000110ac00000,0x000000110ad00000) (1024K)]
  0x0000014b7796afd0 JavaThread "Signal Dispatcher"          daemon [_thread_blocked, id=33080, stack(0x000000110ad00000,0x000000110ae00000) (1024K)]
  0x0000014b7796bd90 JavaThread "Attach Listener"            daemon [_thread_blocked, id=1708, stack(0x000000110ae00000,0x000000110af00000) (1024K)]
  0x0000014b77976320 JavaThread "Service Thread"             daemon [_thread_blocked, id=26780, stack(0x000000110af00000,0x000000110b000000) (1024K)]
  0x0000014b77980410 JavaThread "Monitor Deflation Thread"   daemon [_thread_blocked, id=37048, stack(0x000000110b000000,0x000000110b100000) (1024K)]
=>0x0000014b779852e0 JavaThread "C2 CompilerThread0"         daemon [_thread_in_native, id=35652, stack(0x000000110b100000,0x000000110b200000) (1024K)]
  0x0000014b77ab0090 JavaThread "C1 CompilerThread0"         daemon [_thread_blocked, id=5572, stack(0x000000110b200000,0x000000110b300000) (1024K)]
  0x0000014b77933c80 JavaThread "Common-Cleaner"             daemon [_thread_blocked, id=40028, stack(0x000000110b300000,0x000000110b400000) (1024K)]
  0x0000014b7c28eb10 JavaThread "Monitor Ctrl-Break"         daemon [_thread_in_native, id=34824, stack(0x000000110b500000,0x000000110b600000) (1024K)]
  0x0000014b7c28f180 JavaThread "Notification Thread"        daemon [_thread_blocked, id=40632, stack(0x000000110b600000,0x000000110b700000) (1024K)]
  0x0000014b7ed4b470 JavaThread "Catalina-utility-1"                [_thread_blocked, id=36776, stack(0x000000110c200000,0x000000110c300000) (1024K)]
  0x0000014b41950fc0 JavaThread "Catalina-utility-2"                [_thread_blocked, id=12212, stack(0x000000110c300000,0x000000110c400000) (1024K)]
  0x0000014b419f6fe0 JavaThread "container-0"                       [_thread_blocked, id=35320, stack(0x000000110c400000,0x000000110c500000) (1024K)]
  0x0000014b41257120 JavaThread "mysql-cj-abandoned-connection-cleanup" daemon [_thread_blocked, id=15988, stack(0x000000110c500000,0x000000110c600000) (1024K)]
  0x0000014b4159e330 JavaThread "HikariPool-1 housekeeper"   daemon [_thread_blocked, id=28716, stack(0x000000110c700000,0x000000110c800000) (1024K)]
  0x0000014b4159d610 JavaThread "lettuce-timer-3-1"          daemon [_thread_blocked, id=30300, stack(0x000000110c900000,0x000000110ca00000) (1024K)]
  0x0000014b4159e9c0 JavaThread "spring.cloud.inetutils"     daemon [_thread_blocked, id=3004, stack(0x000000110ca00000,0x000000110cb00000) (1024K)]
  0x0000014b43ab8b90 JavaThread "MessageBroker-1"                   [_thread_blocked, id=16840, stack(0x000000110cb00000,0x000000110cc00000) (1024K)]
  0x0000014b43ab6ac0 JavaThread "spectator-gauge-polling-0"  daemon [_thread_blocked, id=38692, stack(0x000000110cc00000,0x000000110cd00000) (1024K)]
  0x0000014b43ab6430 JavaThread "AsyncResolver-bootstrap-%d" daemon [_thread_blocked, id=33800, stack(0x000000110cd00000,0x000000110ce00000) (1024K)]
  0x0000014b43ab5da0 JavaThread "DiscoveryClient-%d"         daemon [_thread_blocked, id=38208, stack(0x000000110ce00000,0x000000110cf00000) (1024K)]
  0x0000014b43ab7150 JavaThread "DiscoveryClient-%d"         daemon [_thread_blocked, id=12140, stack(0x000000110cf00000,0x000000110d000000) (1024K)]
  0x0000014b43ab77e0 JavaThread "DiscoveryClient-InstanceInfoReplicator-%d" daemon [_thread_blocked, id=3452, stack(0x000000110d000000,0x000000110d100000) (1024K)]
  0x0000014b43ab7e70 JavaThread "http-nio-8084-exec-1"       daemon [_thread_blocked, id=1456, stack(0x000000110d100000,0x000000110d200000) (1024K)]
  0x0000014b43ab8500 JavaThread "http-nio-8084-exec-2"       daemon [_thread_blocked, id=37516, stack(0x000000110d200000,0x000000110d300000) (1024K)]
  0x0000014b43ab5710 JavaThread "http-nio-8084-exec-3"       daemon [_thread_blocked, id=21952, stack(0x000000110d300000,0x000000110d400000) (1024K)]
  0x0000014b4159f6e0 JavaThread "http-nio-8084-exec-4"       daemon [_thread_blocked, id=3892, stack(0x000000110d400000,0x000000110d500000) (1024K)]
  0x0000014b4159fd70 JavaThread "http-nio-8084-exec-5"       daemon [_thread_blocked, id=33180, stack(0x000000110d500000,0x000000110d600000) (1024K)]
  0x0000014b7c82edc0 JavaThread "http-nio-8084-exec-6"       daemon [_thread_blocked, id=26976, stack(0x000000110d600000,0x000000110d700000) (1024K)]
  0x0000014b7c82c660 JavaThread "http-nio-8084-exec-7"       daemon [_thread_blocked, id=32152, stack(0x000000110d700000,0x000000110d800000) (1024K)]
  0x0000014b7c832f60 JavaThread "http-nio-8084-exec-8"       daemon [_thread_blocked, id=23816, stack(0x000000110d800000,0x000000110d900000) (1024K)]
  0x0000014b7c830e90 JavaThread "http-nio-8084-exec-9"       daemon [_thread_blocked, id=17752, stack(0x000000110d900000,0x000000110da00000) (1024K)]
  0x0000014b7c830170 JavaThread "http-nio-8084-exec-10"      daemon [_thread_blocked, id=40268, stack(0x000000110da00000,0x000000110db00000) (1024K)]
  0x0000014b7c82d380 JavaThread "http-nio-8084-Poller"       daemon [_thread_in_native, id=33168, stack(0x000000110db00000,0x000000110dc00000) (1024K)]
  0x0000014b7c830800 JavaThread "http-nio-8084-Acceptor"     daemon [_thread_in_native, id=30784, stack(0x000000110dc00000,0x000000110dd00000) (1024K)]
  0x0000014b7c82da10 JavaThread "DestroyJavaVM"                     [_thread_blocked, id=8292, stack(0x000000110a300000,0x000000110a400000) (1024K)]
  0x0000014b7c831520 JavaThread "DiscoveryClient-HeartbeatExecutor-%d" daemon [_thread_blocked, id=38176, stack(0x000000110dd00000,0x000000110de00000) (1024K)]
  0x0000014b7c82f450 JavaThread "DiscoveryClient-CacheRefreshExecutor-%d" daemon [_thread_blocked, id=30488, stack(0x000000110de00000,0x000000110df00000) (1024K)]
  0x0000014b7c831bb0 JavaThread "MessageBroker-2"                   [_thread_blocked, id=8352, stack(0x000000110a000000,0x000000110a100000) (1024K)]
  0x0000014b7c82fae0 JavaThread "AsyncResolver-bootstrap-executor-%d" daemon [_thread_blocked, id=33124, stack(0x000000110a200000,0x000000110a300000) (1024K)]
  0x0000014b7c832240 JavaThread "MessageBroker-3"                   [_thread_blocked, id=22296, stack(0x000000110a100000,0x000000110a200000) (1024K)]
  0x0000014b7c82e730 JavaThread "MessageBroker-4"                   [_thread_blocked, id=31232, stack(0x000000110c600000,0x000000110c700000) (1024K)]
  0x0000014b7c5fcfe0 JavaThread "MessageBroker-5"                   [_thread_blocked, id=5136, stack(0x000000110b400000,0x000000110b500000) (1024K)]
  0x0000014b7c5ffdd0 JavaThread "MessageBroker-6"                   [_thread_blocked, id=19136, stack(0x000000110c800000,0x000000110c900000) (1024K)]
  0x0000014b7c600af0 JavaThread "MessageBroker-7"                   [_thread_blocked, id=29060, stack(0x000000110e000000,0x000000110e100000) (1024K)]
  0x0000014b7c5f9b60 JavaThread "MessageBroker-8"                   [_thread_blocked, id=32000, stack(0x000000110df00000,0x000000110e000000) (1024K)]
  0x0000014b7c5fa1f0 JavaThread "MessageBroker-9"                   [_thread_blocked, id=33308, stack(0x000000110e100000,0x000000110e200000) (1024K)]
  0x0000014b7c600460 JavaThread "MessageBroker-10"                  [_thread_blocked, id=8540, stack(0x000000110e300000,0x000000110e400000) (1024K)]
  0x0000014b7c5fa880 JavaThread "MessageBroker-11"                  [_thread_blocked, id=17252, stack(0x000000110e400000,0x000000110e500000) (1024K)]
  0x0000014b7c5faf10 JavaThread "MessageBroker-12"                  [_thread_blocked, id=37860, stack(0x000000110e500000,0x000000110e600000) (1024K)]
Total: 51

Other Threads:
  0x0000014b7794d420 VMThread "VM Thread"                           [id=17548, stack(0x000000110aa00000,0x000000110ab00000) (1024K)]
  0x0000014b77932c90 WatcherThread "VM Periodic Task Thread"        [id=18560, stack(0x000000110a900000,0x000000110aa00000) (1024K)]
  0x0000014b581f9e40 WorkerThread "GC Thread#0"                     [id=24132, stack(0x000000110a400000,0x000000110a500000) (1024K)]
  0x0000014b7cc583a0 WorkerThread "GC Thread#1"                     [id=35616, stack(0x000000110b700000,0x000000110b800000) (1024K)]
  0x0000014b7cc58750 WorkerThread "GC Thread#2"                     [id=37892, stack(0x000000110b800000,0x000000110b900000) (1024K)]
  0x0000014b7c61f520 WorkerThread "GC Thread#3"                     [id=19256, stack(0x000000110b900000,0x000000110ba00000) (1024K)]
  0x0000014b7c6200e0 WorkerThread "GC Thread#4"                     [id=30388, stack(0x000000110ba00000,0x000000110bb00000) (1024K)]
  0x0000014b7cc52de0 WorkerThread "GC Thread#5"                     [id=5060, stack(0x000000110bb00000,0x000000110bc00000) (1024K)]
  0x0000014b7cea32a0 WorkerThread "GC Thread#6"                     [id=8880, stack(0x000000110bd00000,0x000000110be00000) (1024K)]
  0x0000014b7d426fa0 WorkerThread "GC Thread#7"                     [id=32820, stack(0x000000110bc00000,0x000000110bd00000) (1024K)]
  0x0000014b7cf69450 WorkerThread "GC Thread#8"                     [id=35240, stack(0x000000110be00000,0x000000110bf00000) (1024K)]
  0x0000014b7ec5ccc0 WorkerThread "GC Thread#9"                     [id=8900, stack(0x000000110bf00000,0x000000110c000000) (1024K)]
  0x0000014b5820c0d0 ConcurrentGCThread "G1 Main Marker"            [id=36620, stack(0x000000110a500000,0x000000110a600000) (1024K)]
  0x0000014b5820cbe0 WorkerThread "G1 Conc#0"                       [id=27728, stack(0x000000110a600000,0x000000110a700000) (1024K)]
  0x0000014b7ecb1310 WorkerThread "G1 Conc#1"                       [id=29408, stack(0x000000110c000000,0x000000110c100000) (1024K)]
  0x0000014b7ea4c330 WorkerThread "G1 Conc#2"                       [id=29744, stack(0x000000110c100000,0x000000110c200000) (1024K)]
  0x0000014b77802cc0 ConcurrentGCThread "G1 Refine#0"               [id=3932, stack(0x000000110a700000,0x000000110a800000) (1024K)]
  0x0000014b77803840 ConcurrentGCThread "G1 Service"                [id=18464, stack(0x000000110a800000,0x000000110a900000) (1024K)]
Total: 18

Threads with active compile tasks:
C2 CompilerThread0  61554947 12129       4       org.springframework.http.support.HttpComponentsHeadersAdapter$HeaderEntry::getValue (5 bytes)
Total: 1

VM state: not at safepoint (normal execution)

VM Mutex/Monitor currently owned by a thread: None

Heap address: 0x0000000705200000, size: 4014 MB, Compressed Oops mode: Zero based, Oop shift amount: 3

CDS archive(s) mapped at: [0x0000014b00000000-0x0000014b00cf0000-0x0000014b00cf0000), size 13565952, SharedBaseAddress: 0x0000014b00000000, ArchiveRelocationMode: 1.
Compressed class space mapped at: 0x0000014b01000000-0x0000014b41000000, reserved size: 1073741824
Narrow klass base: 0x0000014b00000000, Narrow klass shift: 0, Narrow klass range: 0x100000000

GC Precious Log:
 CardTable entry size: 512
 Card Set container configuration: InlinePtr #cards 4 size 8 Array Of Cards #cards 16 size 48 Howl #buckets 8 coarsen threshold 3686 Howl Bitmap #cards 512 size 80 coarsen threshold 460 Card regions per heap region 1 cards per card region 4096
 CPUs: 12 total, 12 available
 Memory: 16052M
 Large Page Support: Disabled
 NUMA Support: Disabled
 Compressed Oops: Enabled (Zero based)
 Heap Region Size: 2M
 Heap Min Capacity: 8M
 Heap Initial Capacity: 252M
 Heap Max Capacity: 4014M
 Pre-touch: Disabled
 Parallel Workers: 10
 Concurrent Workers: 3
 Concurrent Refinement Workers: 10
 Periodic GC: Disabled

Heap:
 garbage-first heap   total 83968K, used 70560K [0x0000000705200000, 0x0000000800000000)
  region size 2048K, 14 young (28672K), 1 survivors (2048K)
 Metaspace       used 100419K, committed 101440K, reserved 1179648K
  class space    used 13050K, committed 13568K, reserved 1048576K

Heap Regions: E=young(eden), S=young(survivor), O=old, HS=humongous(starts), HC=humongous(continues), CS=collection set, F=free, TAMS=top-at-mark-start, PB=parsable bottom
|   0|0x0000000705200000, 0x0000000705400000, 0x0000000705400000|100%| O|  |TAMS 0x0000000705200000| PB 0x0000000705200000| Untracked 
|   1|0x0000000705400000, 0x0000000705600000, 0x0000000705600000|100%| O|  |TAMS 0x0000000705400000| PB 0x0000000705400000| Untracked 
|   2|0x0000000705600000, 0x0000000705800000, 0x0000000705800000|100%| O|  |TAMS 0x0000000705600000| PB 0x0000000705600000| Untracked 
|   3|0x0000000705800000, 0x0000000705a00000, 0x0000000705a00000|100%| O|  |TAMS 0x0000000705800000| PB 0x0000000705800000| Untracked 
|   4|0x0000000705a00000, 0x0000000705c00000, 0x0000000705c00000|100%| O|Cm|TAMS 0x0000000705a00000| PB 0x0000000705a00000| Complete 
|   5|0x0000000705c00000, 0x0000000705e00000, 0x0000000705e00000|100%| O|  |TAMS 0x0000000705c00000| PB 0x0000000705c00000| Untracked 
|   6|0x0000000705e00000, 0x0000000706000000, 0x0000000706000000|100%| O|  |TAMS 0x0000000705e00000| PB 0x0000000705e00000| Untracked 
|   7|0x0000000706000000, 0x0000000706000000, 0x0000000706200000|  0%| F|  |TAMS 0x0000000706000000| PB 0x0000000706000000| Untracked 
|   8|0x0000000706200000, 0x0000000706400000, 0x0000000706400000|100%| O|  |TAMS 0x0000000706200000| PB 0x0000000706200000| Untracked 
|   9|0x0000000706400000, 0x0000000706600000, 0x0000000706600000|100%| O|  |TAMS 0x0000000706400000| PB 0x0000000706400000| Untracked 
|  10|0x0000000706600000, 0x0000000706800000, 0x0000000706800000|100%| O|  |TAMS 0x0000000706600000| PB 0x0000000706600000| Untracked 
|  11|0x0000000706800000, 0x0000000706a00000, 0x0000000706a00000|100%| O|  |TAMS 0x0000000706800000| PB 0x0000000706800000| Untracked 
|  12|0x0000000706a00000, 0x0000000706c00000, 0x0000000706c00000|100%| O|  |TAMS 0x0000000706a00000| PB 0x0000000706a00000| Untracked 
|  13|0x0000000706c00000, 0x0000000706e00000, 0x0000000706e00000|100%| O|  |TAMS 0x0000000706c00000| PB 0x0000000706c00000| Untracked 
|  14|0x0000000706e00000, 0x0000000706e00000, 0x0000000707000000|  0%| F|  |TAMS 0x0000000706e00000| PB 0x0000000706e00000| Untracked 
|  15|0x0000000707000000, 0x0000000707200000, 0x0000000707200000|100%| O|  |TAMS 0x0000000707000000| PB 0x0000000707000000| Untracked 
|  16|0x0000000707200000, 0x0000000707400000, 0x0000000707400000|100%| O|  |TAMS 0x0000000707200000| PB 0x0000000707200000| Untracked 
|  17|0x0000000707400000, 0x0000000707600000, 0x0000000707600000|100%| O|  |TAMS 0x0000000707400000| PB 0x0000000707400000| Untracked 
|  18|0x0000000707600000, 0x0000000707600000, 0x0000000707800000|  0%| F|  |TAMS 0x0000000707600000| PB 0x0000000707600000| Untracked 
|  19|0x0000000707800000, 0x0000000707800000, 0x0000000707a00000|  0%| F|  |TAMS 0x0000000707800000| PB 0x0000000707800000| Untracked 
|  20|0x0000000707a00000, 0x0000000707c00000, 0x0000000707c00000|100%| O|  |TAMS 0x0000000707a00000| PB 0x0000000707a00000| Untracked 
|  21|0x0000000707c00000, 0x0000000707e00000, 0x0000000707e00000|100%| O|  |TAMS 0x0000000707c00000| PB 0x0000000707c00000| Untracked 
|  22|0x0000000707e00000, 0x0000000708000000, 0x0000000708000000|100%| O|  |TAMS 0x0000000707e00000| PB 0x0000000707e00000| Untracked 
|  23|0x0000000708000000, 0x0000000708200000, 0x0000000708200000|100%| O|  |TAMS 0x0000000708000000| PB 0x0000000708000000| Untracked 
|  24|0x0000000708200000, 0x0000000708400000, 0x0000000708400000|100%| O|  |TAMS 0x0000000708200000| PB 0x0000000708200000| Untracked 
|  25|0x0000000708400000, 0x00000007085fde90, 0x0000000708600000| 99%| S|CS|TAMS 0x0000000708400000| PB 0x0000000708400000| Complete 
|  26|0x0000000708600000, 0x0000000708600000, 0x0000000708800000|  0%| F|  |TAMS 0x0000000708600000| PB 0x0000000708600000| Untracked 
|  27|0x0000000708800000, 0x00000007088b1df8, 0x0000000708a00000| 34%| E|  |TAMS 0x0000000708800000| PB 0x0000000708800000| Complete 
|  28|0x0000000708a00000, 0x0000000708c00000, 0x0000000708c00000|100%| E|CS|TAMS 0x0000000708a00000| PB 0x0000000708a00000| Complete 
|  29|0x0000000708c00000, 0x0000000708e00000, 0x0000000708e00000|100%| E|CS|TAMS 0x0000000708c00000| PB 0x0000000708c00000| Complete 
|  30|0x0000000708e00000, 0x0000000709000000, 0x0000000709000000|100%| E|CS|TAMS 0x0000000708e00000| PB 0x0000000708e00000| Complete 
|  31|0x0000000709000000, 0x0000000709200000, 0x0000000709200000|100%| E|CS|TAMS 0x0000000709000000| PB 0x0000000709000000| Complete 
|  32|0x0000000709200000, 0x0000000709400000, 0x0000000709400000|100%| E|CS|TAMS 0x0000000709200000| PB 0x0000000709200000| Complete 
|  33|0x0000000709400000, 0x0000000709600000, 0x0000000709600000|100%| E|CS|TAMS 0x0000000709400000| PB 0x0000000709400000| Complete 
|  34|0x0000000709600000, 0x0000000709800000, 0x0000000709800000|100%| E|CS|TAMS 0x0000000709600000| PB 0x0000000709600000| Complete 
|  95|0x0000000711000000, 0x0000000711200000, 0x0000000711200000|100%| E|CS|TAMS 0x0000000711000000| PB 0x0000000711000000| Complete 
|  96|0x0000000711200000, 0x0000000711400000, 0x0000000711400000|100%| E|CS|TAMS 0x0000000711200000| PB 0x0000000711200000| Complete 
|  97|0x0000000711400000, 0x0000000711600000, 0x0000000711600000|100%| E|CS|TAMS 0x0000000711400000| PB 0x0000000711400000| Complete 
|  98|0x0000000711600000, 0x0000000711800000, 0x0000000711800000|100%| E|CS|TAMS 0x0000000711600000| PB 0x0000000711600000| Complete 
| 125|0x0000000714c00000, 0x0000000714e00000, 0x0000000714e00000|100%| E|CS|TAMS 0x0000000714c00000| PB 0x0000000714c00000| Complete 
|2006|0x00000007ffe00000, 0x00000007ffeea3c8, 0x0000000800000000| 45%| O|  |TAMS 0x00000007ffe00000| PB 0x00000007ffe00000| Untracked 

Card table byte_map: [0x0000014b70640000,0x0000014b70e20000] _byte_map_base: 0x0000014b6ce17000

Marking Bits: (CMBitMap*) 0x0000014b581fa550
 Bits: [0x0000014b70e20000, 0x0000014b74cd8000)

Polling page: 0x0000014b57940000

Metaspace:

Usage:
  Non-class:     85.32 MB used.
      Class:     12.74 MB used.
       Both:     98.07 MB used.

Virtual space:
  Non-class space:      128.00 MB reserved,      85.81 MB ( 67%) committed,  2 nodes.
      Class space:        1.00 GB reserved,      13.25 MB (  1%) committed,  1 nodes.
             Both:        1.12 GB reserved,      99.06 MB (  9%) committed. 

Chunk freelists:
   Non-Class:  10.23 MB
       Class:  2.95 MB
        Both:  13.17 MB

MaxMetaspaceSize: unlimited
CompressedClassSpaceSize: 1.00 GB
Initial GC threshold: 21.00 MB
Current GC threshold: 164.06 MB
CDS: on
 - commit_granule_bytes: 65536.
 - commit_granule_words: 8192.
 - virtual_space_node_default_size: 8388608.
 - enlarge_chunks_in_place: 1.
 - use_allocation_guard: 0.


Internal statistics:

num_allocs_failed_limit: 9.
num_arena_births: 1374.
num_arena_deaths: 536.
num_vsnodes_births: 3.
num_vsnodes_deaths: 0.
num_space_committed: 1585.
num_space_uncommitted: 0.
num_chunks_returned_to_freelist: 629.
num_chunks_taken_from_freelist: 5065.
num_chunk_merges: 164.
num_chunk_splits: 3611.
num_chunks_enlarged: 2837.
num_inconsistent_stats: 0.

CodeHeap 'non-profiled nmethods': size=120000Kb used=5573Kb max_used=5573Kb free=114426Kb
 bounds [0x0000014b683e0000, 0x0000014b68960000, 0x0000014b6f910000]
CodeHeap 'profiled nmethods': size=120000Kb used=18900Kb max_used=19328Kb free=101099Kb
 bounds [0x0000014b60910000, 0x0000014b61c20000, 0x0000014b67e40000]
CodeHeap 'non-nmethods': size=5760Kb used=1830Kb max_used=1881Kb free=3929Kb
 bounds [0x0000014b67e40000, 0x0000014b680b0000, 0x0000014b683e0000]
 total_blobs=9564 nmethods=8734 adapters=734
 compilation: enabled
              stopped_count=0, restarted_count=0
 full_count=0

Compilation events (20 events):
Event: 61434.764 Thread 0x0000014b77ab0090 12119       3       com.fasterxml.jackson.databind.introspect.POJOPropertiesCollector::_removeUnwantedProperties (130 bytes)
Event: 61434.765 Thread 0x0000014b77ab0090 nmethod 12119 0x0000014b61052810 code [0x0000014b61052b20, 0x0000014b61053a58]
Event: 61434.769 Thread 0x0000014b779852e0 nmethod 12116 0x0000014b6894f310 code [0x0000014b6894f4e0, 0x0000014b6894fc48]
Event: 61434.769 Thread 0x0000014b779852e0 12121       4       com.fasterxml.jackson.databind.introspect.JacksonAnnotationIntrospector::findImplicitPropertyName (19 bytes)
Event: 61434.769 Thread 0x0000014b77ab0090 12122       3       com.fasterxml.jackson.databind.introspect.AnnotatedCreatorCollector::collectAnnotations (32 bytes)
Event: 61434.775 Thread 0x0000014b77ab0090 nmethod 12122 0x0000014b6093a910 code [0x0000014b6093ab00, 0x0000014b6093af30]
Event: 61434.783 Thread 0x0000014b779852e0 nmethod 12121 0x0000014b6894fe90 code [0x0000014b68950060, 0x0000014b68950440]
Event: 61434.783 Thread 0x0000014b779852e0 12120       4       com.fasterxml.jackson.databind.introspect.AnnotationCollector$EmptyCollector::asAnnotations (4 bytes)
Event: 61434.783 Thread 0x0000014b779852e0 nmethod 12120 0x0000014b68950810 code [0x0000014b68950980, 0x0000014b68950a10]
Event: 61434.791 Thread 0x0000014b77ab0090 12123       3       java.util.jar.Attributes$Name::hash (148 bytes)
Event: 61434.792 Thread 0x0000014b77ab0090 nmethod 12123 0x0000014b61051490 code [0x0000014b61051700, 0x0000014b610523a0]
Event: 61434.864 Thread 0x0000014b779852e0 12125       4       com.fasterxml.jackson.databind.deser.impl.CreatorCandidate::parameter (10 bytes)
Event: 61434.866 Thread 0x0000014b779852e0 nmethod 12125 0x0000014b68950b10 code [0x0000014b68950ca0, 0x0000014b68950d90]
Event: 61434.870 Thread 0x0000014b77ab0090 12126       3       com.fasterxml.jackson.databind.type.TypeBindings::<init> (113 bytes)
Event: 61434.874 Thread 0x0000014b77ab0090 nmethod 12126 0x0000014b61050310 code [0x0000014b610505c0, 0x0000014b61051048]
Event: 61434.877 Thread 0x0000014b779852e0 12127       4       org.springframework.http.HttpStatusCode::valueOf (47 bytes)
Event: 61434.887 Thread 0x0000014b779852e0 nmethod 12127 0x0000014b68950e90 code [0x0000014b68951020, 0x0000014b68951198]
Event: 61554.835 Thread 0x0000014b779852e0 12128       4       org.springframework.http.support.HttpComponentsHeadersAdapter$HeaderEntry::getKey (5 bytes)
Event: 61554.836 Thread 0x0000014b779852e0 nmethod 12128 0x0000014b68951310 code [0x0000014b68951480, 0x0000014b68951510]
Event: 61554.836 Thread 0x0000014b779852e0 12129       4       org.springframework.http.support.HttpComponentsHeadersAdapter$HeaderEntry::getValue (5 bytes)

GC Heap History (20 events):
Event: 9.349 GC heap before
{Heap before GC invocations=21 (full 0):
 garbage-first heap   total 65536K, used 50201K [0x0000000705200000, 0x0000000800000000)
  region size 2048K, 8 young (16384K), 2 survivors (4096K)
 Metaspace       used 84387K, committed 85120K, reserved 1179648K
  class space    used 11286K, committed 11648K, reserved 1048576K
}
Event: 9.352 GC heap after
{Heap after GC invocations=22 (full 0):
 garbage-first heap   total 65536K, used 39718K [0x0000000705200000, 0x0000000800000000)
  region size 2048K, 1 young (2048K), 1 survivors (2048K)
 Metaspace       used 84387K, committed 85120K, reserved 1179648K
  class space    used 11286K, committed 11648K, reserved 1048576K
}
Event: 9.857 GC heap before
{Heap before GC invocations=22 (full 0):
 garbage-first heap   total 65536K, used 56102K [0x0000000705200000, 0x0000000800000000)
  region size 2048K, 9 young (18432K), 1 survivors (2048K)
 Metaspace       used 86552K, committed 87360K, reserved 1179648K
  class space    used 11619K, committed 11968K, reserved 1048576K
}
Event: 9.861 GC heap after
{Heap after GC invocations=23 (full 0):
 garbage-first heap   total 65536K, used 41412K [0x0000000705200000, 0x0000000800000000)
  region size 2048K, 2 young (4096K), 2 survivors (4096K)
 Metaspace       used 86552K, committed 87360K, reserved 1179648K
  class space    used 11619K, committed 11968K, reserved 1048576K
}
Event: 10.123 GC heap before
{Heap before GC invocations=24 (full 0):
 garbage-first heap   total 71680K, used 53700K [0x0000000705200000, 0x0000000800000000)
  region size 2048K, 8 young (16384K), 2 survivors (4096K)
 Metaspace       used 87278K, committed 88064K, reserved 1179648K
  class space    used 11732K, committed 12096K, reserved 1048576K
}
Event: 10.126 GC heap after
{Heap after GC invocations=25 (full 0):
 garbage-first heap   total 71680K, used 42270K [0x0000000705200000, 0x0000000800000000)
  region size 2048K, 1 young (2048K), 1 survivors (2048K)
 Metaspace       used 87278K, committed 88064K, reserved 1179648K
  class space    used 11732K, committed 12096K, reserved 1048576K
}
Event: 10.560 GC heap before
{Heap before GC invocations=25 (full 0):
 garbage-first heap   total 71680K, used 58654K [0x0000000705200000, 0x0000000800000000)
  region size 2048K, 10 young (20480K), 1 survivors (2048K)
 Metaspace       used 90102K, committed 90880K, reserved 1179648K
  class space    used 12127K, committed 12480K, reserved 1048576K
}
Event: 10.563 GC heap after
{Heap after GC invocations=26 (full 0):
 garbage-first heap   total 71680K, used 44490K [0x0000000705200000, 0x0000000800000000)
  region size 2048K, 2 young (4096K), 2 survivors (4096K)
 Metaspace       used 90102K, committed 90880K, reserved 1179648K
  class space    used 12127K, committed 12480K, reserved 1048576K
}
Event: 812.392 GC heap before
{Heap before GC invocations=26 (full 0):
 garbage-first heap   total 71680K, used 60874K [0x0000000705200000, 0x0000000800000000)
  region size 2048K, 10 young (20480K), 2 survivors (4096K)
 Metaspace       used 93975K, committed 94784K, reserved 1179648K
  class space    used 12566K, committed 12928K, reserved 1048576K
}
Event: 812.409 GC heap after
{Heap after GC invocations=27 (full 0):
 garbage-first heap   total 71680K, used 46200K [0x0000000705200000, 0x0000000800000000)
  region size 2048K, 1 young (2048K), 1 survivors (2048K)
 Metaspace       used 93975K, committed 94784K, reserved 1179648K
  class space    used 12566K, committed 12928K, reserved 1048576K
}
Event: 1031.646 GC heap before
{Heap before GC invocations=28 (full 0):
 garbage-first heap   total 79872K, used 60536K [0x0000000705200000, 0x0000000800000000)
  region size 2048K, 9 young (18432K), 1 survivors (2048K)
 Metaspace       used 98466K, committed 99328K, reserved 1179648K
  class space    used 13167K, committed 13568K, reserved 1048576K
}
Event: 1031.649 GC heap after
{Heap after GC invocations=29 (full 0):
 garbage-first heap   total 79872K, used 46818K [0x0000000705200000, 0x0000000800000000)
  region size 2048K, 2 young (4096K), 2 survivors (4096K)
 Metaspace       used 98466K, committed 99328K, reserved 1179648K
  class space    used 13167K, committed 13568K, reserved 1048576K
}
Event: 4664.634 GC heap before
{Heap before GC invocations=29 (full 0):
 garbage-first heap   total 79872K, used 67298K [0x0000000705200000, 0x0000000800000000)
  region size 2048K, 12 young (24576K), 2 survivors (4096K)
 Metaspace       used 99392K, committed 100288K, reserved 1179648K
  class space    used 13174K, committed 13568K, reserved 1048576K
}
Event: 4664.669 GC heap after
{Heap after GC invocations=30 (full 0):
 garbage-first heap   total 79872K, used 47662K [0x0000000705200000, 0x0000000800000000)
  region size 2048K, 2 young (4096K), 2 survivors (4096K)
 Metaspace       used 99392K, committed 100288K, reserved 1179648K
  class space    used 13174K, committed 13568K, reserved 1048576K
}
Event: 7877.411 GC heap before
{Heap before GC invocations=30 (full 0):
 garbage-first heap   total 79872K, used 66094K [0x0000000705200000, 0x0000000800000000)
  region size 2048K, 11 young (22528K), 2 survivors (4096K)
 Metaspace       used 99912K, committed 100800K, reserved 1179648K
  class space    used 13175K, committed 13568K, reserved 1048576K
}
Event: 7877.439 GC heap after
{Heap after GC invocations=31 (full 0):
 garbage-first heap   total 79872K, used 48152K [0x0000000705200000, 0x0000000800000000)
  region size 2048K, 1 young (2048K), 1 survivors (2048K)
 Metaspace       used 99912K, committed 100800K, reserved 1179648K
  class space    used 13175K, committed 13568K, reserved 1048576K
}
Event: 40769.792 GC heap before
{Heap before GC invocations=32 (full 0):
 garbage-first heap   total 81920K, used 72728K [0x0000000705200000, 0x0000000800000000)
  region size 2048K, 13 young (26624K), 1 survivors (2048K)
 Metaspace       used 99893K, committed 100992K, reserved 1179648K
  class space    used 13042K, committed 13568K, reserved 1048576K
}
Event: 40769.891 GC heap after
{Heap after GC invocations=33 (full 0):
 garbage-first heap   total 81920K, used 48422K [0x0000000705200000, 0x0000000800000000)
  region size 2048K, 1 young (2048K), 1 survivors (2048K)
 Metaspace       used 99893K, committed 100992K, reserved 1179648K
  class space    used 13042K, committed 13568K, reserved 1048576K
}
Event: 57109.637 GC heap before
{Heap before GC invocations=33 (full 0):
 garbage-first heap   total 81920K, used 72998K [0x0000000705200000, 0x0000000800000000)
  region size 2048K, 14 young (28672K), 1 survivors (2048K)
 Metaspace       used 100153K, committed 101184K, reserved 1179648K
  class space    used 13046K, committed 13568K, reserved 1048576K
}
Event: 57109.670 GC heap after
{Heap after GC invocations=34 (full 0):
 garbage-first heap   total 83968K, used 45984K [0x0000000705200000, 0x0000000800000000)
  region size 2048K, 1 young (2048K), 1 survivors (2048K)
 Metaspace       used 100153K, committed 101184K, reserved 1179648K
  class space    used 13046K, committed 13568K, reserved 1048576K
}

Dll operation events (14 events):
Event: 0.010 Loaded shared library C:\Users\anuma\.jdks\azul-21.0.4\bin\java.dll
Event: 0.042 Loaded shared library C:\Users\anuma\.jdks\azul-21.0.4\bin\jsvml.dll
Event: 0.306 Loaded shared library C:\Users\anuma\.jdks\azul-21.0.4\bin\zip.dll
Event: 0.311 Loaded shared library C:\Users\anuma\.jdks\azul-21.0.4\bin\instrument.dll
Event: 0.319 Loaded shared library C:\Users\anuma\.jdks\azul-21.0.4\bin\net.dll
Event: 0.321 Loaded shared library C:\Users\anuma\.jdks\azul-21.0.4\bin\nio.dll
Event: 0.330 Loaded shared library C:\Users\anuma\.jdks\azul-21.0.4\bin\zip.dll
Event: 0.493 Loaded shared library C:\Program Files\JetBrains\IntelliJ IDEA Community Edition 2024.2.3\bin\breakgen64.dll
Event: 0.502 Loaded shared library C:\Users\anuma\.jdks\azul-21.0.4\bin\extnet.dll
Event: 0.538 Loaded shared library C:\Users\anuma\.jdks\azul-21.0.4\bin\jimage.dll
Event: 2.028 Loaded shared library C:\Users\anuma\.jdks\azul-21.0.4\bin\sunmscapi.dll
Event: 4.566 Loaded shared library C:\Users\anuma\.jdks\azul-21.0.4\bin\management.dll
Event: 4.569 Loaded shared library C:\Users\anuma\.jdks\azul-21.0.4\bin\management_ext.dll
Event: 5.195 Loaded shared library C:\Users\anuma\.jdks\azul-21.0.4\bin\verify.dll

Deoptimization events (20 events):
Event: 56779.529 Thread 0x0000014b7c82f450 Uncommon trap: trap_request=0xfffffff4 fr.pc=0x0000014b686829c4 relative=0x0000000000008a24
Event: 56779.530 Thread 0x0000014b7c82f450 Uncommon trap: reason=null_check action=make_not_entrant pc=0x0000014b686829c4 method=java.util.jar.JarFile.getManifestFromReference()Ljava/util/jar/Manifest; @ 14 c2
Event: 56779.530 Thread 0x0000014b7c82f450 DEOPT PACKING pc=0x0000014b686829c4 sp=0x000000110def88d0
Event: 56779.530 Thread 0x0000014b7c82f450 DEOPT UNPACKING pc=0x0000014b67e946a2 sp=0x000000110def8770 mode 2
Event: 57019.760 Thread 0x0000014b7c82f450 DEOPT PACKING pc=0x0000014b60d1c630 sp=0x000000110defe260
Event: 57019.760 Thread 0x0000014b7c82f450 DEOPT UNPACKING pc=0x0000014b67e94e42 sp=0x000000110defd740 mode 0
Event: 57772.758 Thread 0x0000014b7c5faf10 DEOPT PACKING pc=0x0000014b61317716 sp=0x000000110e5fd860
Event: 57772.758 Thread 0x0000014b7c5faf10 DEOPT UNPACKING pc=0x0000014b67e94e42 sp=0x000000110e5fccb8 mode 0
Event: 57788.556 Thread 0x0000014b7c5fc2c0 DEOPT PACKING pc=0x0000014b6133498d sp=0x000000110e5fdec0
Event: 57788.556 Thread 0x0000014b7c5fc2c0 DEOPT UNPACKING pc=0x0000014b67e94e42 sp=0x000000110e5fd348 mode 0
Event: 58059.581 Thread 0x0000014b43ab6ac0 DEOPT PACKING pc=0x0000014b614297fe sp=0x000000110ccfeed0
Event: 58059.581 Thread 0x0000014b43ab6ac0 DEOPT UNPACKING pc=0x0000014b67e94e42 sp=0x000000110ccfe448 mode 0
Event: 59224.844 Thread 0x0000014b41950fc0 Uncommon trap: trap_request=0xffffff45 fr.pc=0x0000014b6886bdf4 relative=0x0000000000000954
Event: 59224.844 Thread 0x0000014b41950fc0 Uncommon trap: reason=unstable_if action=reinterpret pc=0x0000014b6886bdf4 method=java.util.concurrent.ScheduledThreadPoolExecutor$ScheduledFutureTask.compareTo(Ljava/util/concurrent/Delayed;)I @ 40 c2
Event: 59224.844 Thread 0x0000014b41950fc0 DEOPT PACKING pc=0x0000014b6886bdf4 sp=0x000000110c3febe0
Event: 59224.845 Thread 0x0000014b41950fc0 DEOPT UNPACKING pc=0x0000014b67e946a2 sp=0x000000110c3fea48 mode 2
Event: 59274.903 Thread 0x0000014b41950fc0 Uncommon trap: trap_request=0xffffff45 fr.pc=0x0000014b6883e9b8 relative=0x0000000000000898
Event: 59274.903 Thread 0x0000014b41950fc0 Uncommon trap: reason=unstable_if action=reinterpret pc=0x0000014b6883e9b8 method=java.util.concurrent.ScheduledThreadPoolExecutor$ScheduledFutureTask.compareTo(Ljava/util/concurrent/Delayed;)I @ 40 c2
Event: 59274.903 Thread 0x0000014b41950fc0 DEOPT PACKING pc=0x0000014b6883e9b8 sp=0x000000110c3feb90
Event: 59274.903 Thread 0x0000014b41950fc0 DEOPT UNPACKING pc=0x0000014b67e946a2 sp=0x000000110c3fea60 mode 2

Classes loaded (20 events):
Event: 812.711 Loading class sun/security/rsa/RSASignature$SHA256withRSA
Event: 812.711 Loading class sun/security/rsa/RSASignature$SHA256withRSA done
Event: 812.712 Loading class sun/security/rsa/RSAPrivateKeyImpl
Event: 812.712 Loading class sun/security/rsa/RSAPrivateKeyImpl done
Event: 812.712 Loading class sun/security/rsa/RSAPrivateCrtKeyImpl
Event: 812.712 Loading class java/security/interfaces/RSAPrivateCrtKey
Event: 812.713 Loading class java/security/interfaces/RSAPrivateCrtKey done
Event: 812.713 Loading class sun/security/rsa/RSAPrivateCrtKeyImpl done
Event: 812.713 Loading class sun/security/rsa/RSAPadding
Event: 812.713 Loading class sun/security/rsa/RSAPadding done
Event: 812.992 Loading class jdk/internal/reflect/MethodHandleDoubleFieldAccessorImpl
Event: 812.993 Loading class jdk/internal/reflect/MethodHandleDoubleFieldAccessorImpl done
Event: 813.079 Loading class javax/xml/datatype/XMLGregorianCalendar
Event: 813.079 Loading class javax/xml/datatype/XMLGregorianCalendar done
Event: 1765.207 Loading class sun/security/ssl/Alert
Event: 1765.218 Loading class sun/security/ssl/Alert done
Event: 1765.222 Loading class sun/security/ssl/Alert$AlertConsumer
Event: 1765.226 Loading class sun/security/ssl/Alert$AlertConsumer done
Event: 1765.226 Loading class sun/security/ssl/Alert$Level
Event: 1765.227 Loading class sun/security/ssl/Alert$Level done

Classes unloaded (20 events):
Event: 7877.604 Thread 0x0000014b7794d420 Unloading class 0x0000014b0108c800 'java/lang/invoke/LambdaForm$MH+0x0000014b0108c800'
Event: 7877.604 Thread 0x0000014b7794d420 Unloading class 0x0000014b0101bc00 'java/lang/invoke/LambdaForm$MH+0x0000014b0101bc00'
Event: 7877.604 Thread 0x0000014b7794d420 Unloading class 0x0000014b0101b400 'java/lang/invoke/LambdaForm$MH+0x0000014b0101b400'
Event: 7877.604 Thread 0x0000014b7794d420 Unloading class 0x0000014b0101ac00 'java/lang/invoke/LambdaForm$MH+0x0000014b0101ac00'
Event: 7877.605 Thread 0x0000014b7794d420 Unloading class 0x0000014b0101a800 'java/lang/invoke/LambdaForm$MH+0x0000014b0101a800'
Event: 7877.605 Thread 0x0000014b7794d420 Unloading class 0x0000014b01019800 'java/lang/invoke/LambdaForm$MH+0x0000014b01019800'
Event: 7877.605 Thread 0x0000014b7794d420 Unloading class 0x0000014b01018c00 'java/lang/invoke/LambdaForm$MH+0x0000014b01018c00'
Event: 7877.605 Thread 0x0000014b7794d420 Unloading class 0x0000014b01018800 'java/lang/invoke/LambdaForm$MH+0x0000014b01018800'
Event: 7877.605 Thread 0x0000014b7794d420 Unloading class 0x0000014b01018000 'java/lang/invoke/LambdaForm$MH+0x0000014b01018000'
Event: 7877.605 Thread 0x0000014b7794d420 Unloading class 0x0000014b01017c00 'java/lang/invoke/LambdaForm$MH+0x0000014b01017c00'
Event: 7877.605 Thread 0x0000014b7794d420 Unloading class 0x0000014b01017800 'java/lang/invoke/LambdaForm$MH+0x0000014b01017800'
Event: 7877.605 Thread 0x0000014b7794d420 Unloading class 0x0000014b01016c00 'java/lang/invoke/LambdaForm$MH+0x0000014b01016c00'
Event: 7877.605 Thread 0x0000014b7794d420 Unloading class 0x0000014b01015c00 'java/lang/invoke/LambdaForm$MH+0x0000014b01015c00'
Event: 7877.605 Thread 0x0000014b7794d420 Unloading class 0x0000014b01015000 'java/lang/invoke/LambdaForm$MH+0x0000014b01015000'
Event: 7877.605 Thread 0x0000014b7794d420 Unloading class 0x0000014b01014800 'java/lang/invoke/LambdaForm$MH+0x0000014b01014800'
Event: 7877.605 Thread 0x0000014b7794d420 Unloading class 0x0000014b01014000 'java/lang/invoke/LambdaForm$MH+0x0000014b01014000'
Event: 7877.605 Thread 0x0000014b7794d420 Unloading class 0x0000014b01002400 'java/lang/invoke/LambdaForm$MH+0x0000014b01002400'
Event: 7877.605 Thread 0x0000014b7794d420 Unloading class 0x0000014b01002000 'java/lang/invoke/LambdaForm$MH+0x0000014b01002000'
Event: 7877.605 Thread 0x0000014b7794d420 Unloading class 0x0000014b01001c00 'java/lang/invoke/LambdaForm$MH+0x0000014b01001c00'
Event: 7877.605 Thread 0x0000014b7794d420 Unloading class 0x0000014b01001400 'java/lang/invoke/LambdaForm$MH+0x0000014b01001400'

Classes redefined (0 events):
No events

Internal exceptions (20 events):
Event: 10.763 Thread 0x0000014b58193a70 Exception <a 'java/lang/NoSuchMethodError'{0x0000000711229d30}: 'java.lang.Object java.lang.invoke.DelegatingMethodHandle$Holder.reinvoke_L(java.lang.Object, java.lang.Object, java.lang.Object, java.lang.Object, java.lang.Object, java.lang.Object, java.lang.Object, java.lang.Object, java.lang.Object, java.lang.Object, java.lang.Object, java.lang.Object, java.lang.Object, java.lang.Object, java.lang.Object, java.lang.Object, java.lang.Object, java.lang.Object, java.lang.Object, java.lang.Object, java.lang.O
Event: 10.849 Thread 0x0000014b43ab77e0 Implicit null exception at 0x0000014b685ad209 to 0x0000014b685ad628
Event: 812.333 Thread 0x0000014b43ab7e70 Exception <a 'java/lang/NoSuchMethodError'{0x000000070895ffa8}: 'java.lang.Object java.lang.invoke.DirectMethodHandle$Holder.invokeSpecial(java.lang.Object, java.lang.Object, java.lang.Object, java.lang.Object, java.lang.Object, long)'> (0x000000070895ffa8) 
thrown [s\src\hotspot\share\interpreter\linkResolver.cpp, line 773]
Event: 812.333 Thread 0x0000014b43ab7e70 Exception <a 'java/lang/NoSuchMethodError'{0x0000000708963720}: 'java.lang.Object java.lang.invoke.Invokers$Holder.linkToTargetMethod(java.lang.Object, java.lang.Object, java.lang.Object, long, java.lang.Object)'> (0x0000000708963720) 
thrown [s\src\hotspot\share\interpreter\linkResolver.cpp, line 773]
Event: 812.899 Thread 0x0000014b43ab7e70 Exception <a 'java/lang/NoSuchMethodError'{0x00000007111748d0}: 'void java.lang.invoke.DirectMethodHandle$Holder.invokeSpecialIFC(java.lang.Object, java.lang.Object, int, java.lang.Object, java.lang.Object, java.lang.Object, java.lang.Object)'> (0x00000007111748d0) 
thrown [s\src\hotspot\share\interpreter\linkResolver.cpp, line 773]
Event: 812.993 Thread 0x0000014b43ab7e70 Exception <a 'java/lang/NoSuchMethodError'{0x00000007095b03b8}: 'double java.lang.invoke.DelegatingMethodHandle$Holder.reinvoke_L(java.lang.Object, java.lang.Object)'> (0x00000007095b03b8) 
thrown [s\src\hotspot\share\interpreter\linkResolver.cpp, line 773]
Event: 812.994 Thread 0x0000014b43ab7e70 Exception <a 'java/lang/NoSuchMethodError'{0x00000007095bb220}: 'void java.lang.invoke.DelegatingMethodHandle$Holder.reinvoke_L(java.lang.Object, java.lang.Object, double)'> (0x00000007095bb220) 
thrown [s\src\hotspot\share\interpreter\linkResolver.cpp, line 773]
Event: 813.004 Thread 0x0000014b43ab7e70 Exception <a 'java/lang/IncompatibleClassChangeError'{0x00000007095f2bf0}: Found class java.lang.Object, but interface was expected> (0x00000007095f2bf0) 
thrown [s\src\hotspot\share\interpreter\linkResolver.cpp, line 840]
Event: 813.116 Thread 0x0000014b43ab7e70 Exception <a 'java/lang/NoSuchMethodError'{0x00000007090017a0}: 'void java.lang.invoke.DirectMethodHandle$Holder.invokeVirtual(java.lang.Object, java.lang.Object, long)'> (0x00000007090017a0) 
thrown [s\src\hotspot\share\interpreter\linkResolver.cpp, line 773]
Event: 813.117 Thread 0x0000014b43ab7e70 Exception <a 'java/lang/NoSuchMethodError'{0x00000007090109e0}: 'void java.lang.invoke.DirectMethodHandle$Holder.invokeVirtual(java.lang.Object, java.lang.Object, double)'> (0x00000007090109e0) 
thrown [s\src\hotspot\share\interpreter\linkResolver.cpp, line 773]
Event: 813.118 Thread 0x0000014b43ab7e70 Exception <a 'java/lang/NoSuchMethodError'{0x000000070901b808}: 'double java.lang.invoke.DelegatingMethodHandle$Holder.reinvoke_L(java.lang.Object, java.lang.Object, int)'> (0x000000070901b808) 
thrown [s\src\hotspot\share\interpreter\linkResolver.cpp, line 773]
Event: 5387.840 Thread 0x0000014b41950fc0 Implicit null exception at 0x0000014b688f59d4 to 0x0000014b688f5ca0
Event: 5388.837 Thread 0x0000014b41950fc0 Implicit null exception at 0x0000014b688f59d4 to 0x0000014b688f5ca0
Event: 5389.835 Thread 0x0000014b41950fc0 Implicit null exception at 0x0000014b688f59d4 to 0x0000014b688f5ca0
Event: 5390.832 Thread 0x0000014b41950fc0 Implicit null exception at 0x0000014b688f59d4 to 0x0000014b688f5ca0
Event: 39378.561 Thread 0x0000014b43ab5710 Implicit null exception at 0x0000014b6851ac0e to 0x0000014b6851ba6c
Event: 39378.570 Thread 0x0000014b43ab5710 Implicit null exception at 0x0000014b685f28f3 to 0x0000014b685f29ed
Event: 55338.244 Thread 0x0000014b7c82f450 Implicit null exception at 0x0000014b685f5ec2 to 0x0000014b685f6234
Event: 55908.762 Thread 0x0000014b7c82f450 Implicit null exception at 0x0000014b68455761 to 0x0000014b68455dbc
Event: 56779.529 Thread 0x0000014b7c82f450 Implicit null exception at 0x0000014b6867aa2e to 0x0000014b6868299c

ZGC Phase Switch (0 events):
No events

VM Operations (20 events):
Event: 61292.111 Executing VM operation: Cleanup
Event: 61292.111 Executing VM operation: Cleanup done
Event: 61297.162 Executing VM operation: Cleanup
Event: 61297.162 Executing VM operation: Cleanup done
Event: 61315.320 Executing VM operation: Cleanup
Event: 61315.320 Executing VM operation: Cleanup done
Event: 61324.382 Executing VM operation: Cleanup
Event: 61324.382 Executing VM operation: Cleanup done
Event: 61327.404 Executing VM operation: Cleanup
Event: 61327.405 Executing VM operation: Cleanup done
Event: 61347.603 Executing VM operation: Cleanup
Event: 61347.603 Executing VM operation: Cleanup done
Event: 61369.822 Executing VM operation: Cleanup
Event: 61369.822 Executing VM operation: Cleanup done
Event: 61374.864 Executing VM operation: Cleanup
Event: 61374.864 Executing VM operation: Cleanup done
Event: 61380.916 Executing VM operation: Cleanup
Event: 61380.916 Executing VM operation: Cleanup done
Event: 61435.314 Executing VM operation: Cleanup
Event: 61435.314 Executing VM operation: Cleanup done

Memory protections (0 events):
No events

Nmethod flushes (20 events):
Event: 7877.875 Thread 0x0000014b7794d420 flushing  nmethod 0x0000014b61207290
Event: 7877.875 Thread 0x0000014b7794d420 flushing  nmethod 0x0000014b61207990
Event: 7877.875 Thread 0x0000014b7794d420 flushing  nmethod 0x0000014b61209190
Event: 7877.875 Thread 0x0000014b7794d420 flushing  nmethod 0x0000014b61209510
Event: 7877.875 Thread 0x0000014b7794d420 flushing  nmethod 0x0000014b6120ab10
Event: 7877.875 Thread 0x0000014b7794d420 flushing  nmethod 0x0000014b61252590
Event: 7877.875 Thread 0x0000014b7794d420 flushing  nmethod 0x0000014b61252c10
Event: 7877.875 Thread 0x0000014b7794d420 flushing  nmethod 0x0000014b61255f90
Event: 7877.875 Thread 0x0000014b7794d420 flushing  nmethod 0x0000014b612d3710
Event: 7877.875 Thread 0x0000014b7794d420 flushing  nmethod 0x0000014b612d4210
Event: 7877.875 Thread 0x0000014b7794d420 flushing  nmethod 0x0000014b612d4f10
Event: 7877.875 Thread 0x0000014b7794d420 flushing  nmethod 0x0000014b612d7e10
Event: 7877.875 Thread 0x0000014b7794d420 flushing  nmethod 0x0000014b612da190
Event: 7877.875 Thread 0x0000014b7794d420 flushing  nmethod 0x0000014b612db590
Event: 7877.875 Thread 0x0000014b7794d420 flushing  nmethod 0x0000014b612dbf90
Event: 7877.875 Thread 0x0000014b7794d420 flushing  nmethod 0x0000014b612dca90
Event: 7877.875 Thread 0x0000014b7794d420 flushing  nmethod 0x0000014b6132e990
Event: 7877.875 Thread 0x0000014b7794d420 flushing  nmethod 0x0000014b61333110
Event: 7877.875 Thread 0x0000014b7794d420 flushing  nmethod 0x0000014b61335110
Event: 7877.875 Thread 0x0000014b7794d420 flushing  nmethod 0x0000014b61355490

Events (20 events):
Event: 61321.808 Thread 0x0000014b4159e330 Thread added: 0x0000014b7c5fbc30
Event: 61321.819 Thread 0x0000014b7c5fbc30 Thread added: 0x0000014b7c5fc2c0
Event: 61331.536 Thread 0x0000014b7c5fbc30 Thread exited: 0x0000014b7c5fbc30
Event: 61331.639 Thread 0x0000014b7c5fc2c0 Thread exited: 0x0000014b7c5fc2c0
Event: 61346.826 Thread 0x0000014b4159e330 Thread added: 0x0000014b7c5fd670
Event: 61346.839 Thread 0x0000014b7c5fd670 Thread added: 0x0000014b7c5fbc30
Event: 61352.056 Thread 0x0000014b7c5fd670 Thread exited: 0x0000014b7c5fd670
Event: 61352.173 Thread 0x0000014b7c5fbc30 Thread exited: 0x0000014b7c5fbc30
Event: 61368.920 Thread 0x0000014b4159e330 Thread added: 0x0000014b7c5fd670
Event: 61368.995 Thread 0x0000014b7c5fd670 Thread added: 0x0000014b7c5fbc30
Event: 61374.006 Thread 0x0000014b7c5fd670 Thread exited: 0x0000014b7c5fd670
Event: 61374.100 Thread 0x0000014b7c5fbc30 Thread exited: 0x0000014b7c5fbc30
Event: 61379.960 Thread 0x0000014b4159e330 Thread added: 0x0000014b7c5fe390
Event: 61379.977 Thread 0x0000014b7c5fe390 Thread added: 0x0000014b7c5fbc30
Event: 61384.986 Thread 0x0000014b7c5fe390 Thread exited: 0x0000014b7c5fe390
Event: 61385.072 Thread 0x0000014b7c5fbc30 Thread exited: 0x0000014b7c5fbc30
Event: 61409.212 Thread 0x0000014b4159e330 Thread added: 0x0000014b7c5fbc30
Event: 61409.229 Thread 0x0000014b7c5fbc30 Thread added: 0x0000014b7c5fc2c0
Event: 61414.234 Thread 0x0000014b7c5fbc30 Thread exited: 0x0000014b7c5fbc30
Event: 61414.330 Thread 0x0000014b7c5fc2c0 Thread exited: 0x0000014b7c5fc2c0


Dynamic libraries:
0x00007ff6e34c0000 - 0x00007ff6e34ce000 	C:\Users\anuma\.jdks\azul-21.0.4\bin\java.exe
0x00007ffa0e9f0000 - 0x00007ffa0ec07000 	C:\windows\SYSTEM32\ntdll.dll
0x00007ffa0d770000 - 0x00007ffa0d834000 	C:\windows\System32\KERNEL32.DLL
0x00007ffa0bf80000 - 0x00007ffa0c33a000 	C:\windows\System32\KERNELBASE.dll
0x00007ffa0c340000 - 0x00007ffa0c451000 	C:\windows\System32\ucrtbase.dll
0x00007ff9cdee0000 - 0x00007ff9cdefb000 	C:\Users\anuma\.jdks\azul-21.0.4\bin\VCRUNTIME140.dll
0x00007ff9da040000 - 0x00007ff9da059000 	C:\Users\anuma\.jdks\azul-21.0.4\bin\jli.dll
0x00007ffa0e800000 - 0x00007ffa0e9ae000 	C:\windows\System32\USER32.dll
0x00007ffa0bf50000 - 0x00007ffa0bf76000 	C:\windows\System32\win32u.dll
0x00007ffa0d840000 - 0x00007ffa0d869000 	C:\windows\System32\GDI32.dll
0x00007ff9efb20000 - 0x00007ff9efdb2000 	C:\windows\WinSxS\amd64_microsoft.windows.common-controls_6595b64144ccf1df_6.0.22621.4541_none_2710d1c57384c085\COMCTL32.dll
0x00007ffa0c460000 - 0x00007ffa0c57b000 	C:\windows\System32\gdi32full.dll
0x00007ffa0bcc0000 - 0x00007ffa0bd5a000 	C:\windows\System32\msvcp_win.dll
0x00007ffa0d5a0000 - 0x00007ffa0d647000 	C:\windows\System32\msvcrt.dll
0x00007ffa0e4e0000 - 0x00007ffa0e511000 	C:\windows\System32\IMM32.DLL
0x00007ff9cf6d0000 - 0x00007ff9cf6dc000 	C:\Users\anuma\.jdks\azul-21.0.4\bin\vcruntime140_1.dll
0x00007ff99c830000 - 0x00007ff99c8be000 	C:\Users\anuma\.jdks\azul-21.0.4\bin\msvcp140.dll
0x00007ff988c20000 - 0x00007ff9899ba000 	C:\Users\anuma\.jdks\azul-21.0.4\bin\server\jvm.dll
0x00007ffa0d4e0000 - 0x00007ffa0d592000 	C:\windows\System32\ADVAPI32.dll
0x00007ffa0e520000 - 0x00007ffa0e5c7000 	C:\windows\System32\sechost.dll
0x00007ffa0bea0000 - 0x00007ffa0bec8000 	C:\windows\System32\bcrypt.dll
0x00007ffa0c700000 - 0x00007ffa0c814000 	C:\windows\System32\RPCRT4.dll
0x00007ffa0e0a0000 - 0x00007ffa0e111000 	C:\windows\System32\WS2_32.dll
0x00007ffa00a10000 - 0x00007ffa00a1a000 	C:\windows\SYSTEM32\VERSION.dll
0x00007ffa0ab10000 - 0x00007ffa0ab5d000 	C:\windows\SYSTEM32\POWRPROF.dll
0x00007ffa02e80000 - 0x00007ffa02eb4000 	C:\windows\SYSTEM32\WINMM.dll
0x00007ffa0aaf0000 - 0x00007ffa0ab03000 	C:\windows\SYSTEM32\UMPDC.dll
0x00007ffa0adb0000 - 0x00007ffa0adc8000 	C:\windows\SYSTEM32\kernel.appcore.dll
0x00007ff9cded0000 - 0x00007ff9cdeda000 	C:\Users\anuma\.jdks\azul-21.0.4\bin\jimage.dll
0x00007ffa095c0000 - 0x00007ffa097f2000 	C:\windows\SYSTEM32\DBGHELP.DLL
0x00007ffa0e120000 - 0x00007ffa0e4af000 	C:\windows\System32\combase.dll
0x00007ffa0dfc0000 - 0x00007ffa0e097000 	C:\windows\System32\OLEAUT32.dll
0x00007ff9fd6f0000 - 0x00007ff9fd722000 	C:\windows\SYSTEM32\dbgcore.DLL
0x00007ffa0bd60000 - 0x00007ffa0bddb000 	C:\windows\System32\bcryptPrimitives.dll
0x00007ff99c800000 - 0x00007ff99c80f000 	C:\Users\anuma\.jdks\azul-21.0.4\bin\instrument.dll
0x00007ff9af750000 - 0x00007ff9af76f000 	C:\Users\anuma\.jdks\azul-21.0.4\bin\java.dll
0x00007ffa0c830000 - 0x00007ffa0d0a8000 	C:\windows\System32\SHELL32.dll
0x00007ffa09bb0000 - 0x00007ffa0a4b8000 	C:\windows\SYSTEM32\windows.storage.dll
0x00007ffa09a70000 - 0x00007ffa09baf000 	C:\windows\SYSTEM32\wintypes.dll
0x00007ffa0d1f0000 - 0x00007ffa0d2ea000 	C:\windows\System32\SHCORE.dll
0x00007ffa0deb0000 - 0x00007ffa0df0e000 	C:\windows\System32\shlwapi.dll
0x00007ffa0bbf0000 - 0x00007ffa0bc1b000 	C:\windows\SYSTEM32\profapi.dll
0x00007ff99c160000 - 0x00007ff99c237000 	C:\Users\anuma\.jdks\azul-21.0.4\bin\jsvml.dll
0x00007ff99c810000 - 0x00007ff99c828000 	C:\Users\anuma\.jdks\azul-21.0.4\bin\zip.dll
0x00007ff9b2500000 - 0x00007ff9b2510000 	C:\Users\anuma\.jdks\azul-21.0.4\bin\net.dll
0x00007ffa07610000 - 0x00007ffa07746000 	C:\windows\SYSTEM32\WINHTTP.dll
0x00007ffa0b220000 - 0x00007ffa0b289000 	C:\windows\system32\mswsock.dll
0x00007ff9aaa30000 - 0x00007ff9aaa46000 	C:\Users\anuma\.jdks\azul-21.0.4\bin\nio.dll
0x00007ff9aef40000 - 0x00007ff9aef5a000 	C:\Program Files\JetBrains\IntelliJ IDEA Community Edition 2024.2.3\bin\breakgen64.dll
0x00007ff9aef60000 - 0x00007ff9aef69000 	C:\Users\anuma\.jdks\azul-21.0.4\bin\extnet.dll
0x00007ffa0a7a0000 - 0x00007ffa0a7cd000 	C:\windows\SYSTEM32\IPHLPAPI.DLL
0x00007ffa0c820000 - 0x00007ffa0c829000 	C:\windows\System32\NSI.dll
0x00007ffa0a810000 - 0x00007ffa0a912000 	C:\windows\SYSTEM32\DNSAPI.dll
0x00007ffa01b70000 - 0x00007ffa01b7a000 	C:\Windows\System32\rasadhlp.dll
0x00007ffa032e0000 - 0x00007ffa03363000 	C:\windows\System32\fwpuclnt.dll
0x00007ff9aee90000 - 0x00007ff9aee9e000 	C:\Users\anuma\.jdks\azul-21.0.4\bin\sunmscapi.dll
0x00007ffa0c580000 - 0x00007ffa0c6e6000 	C:\windows\System32\CRYPT32.dll
0x00007ffa0b660000 - 0x00007ffa0b68d000 	C:\windows\SYSTEM32\ncrypt.dll
0x00007ffa0b620000 - 0x00007ffa0b657000 	C:\windows\SYSTEM32\NTASN1.dll
0x00007ffa0b570000 - 0x00007ffa0b58b000 	C:\windows\SYSTEM32\CRYPTSP.dll
0x00007ffa0ad10000 - 0x00007ffa0ad45000 	C:\windows\system32\rsaenh.dll
0x00007ffa0b2c0000 - 0x00007ffa0b2e8000 	C:\windows\SYSTEM32\USERENV.dll
0x00007ffa0b550000 - 0x00007ffa0b55c000 	C:\windows\SYSTEM32\CRYPTBASE.dll
0x00007ff9aef30000 - 0x00007ff9aef3a000 	C:\Users\anuma\.jdks\azul-21.0.4\bin\management.dll
0x00007ff99c7f0000 - 0x00007ff99c7fb000 	C:\Users\anuma\.jdks\azul-21.0.4\bin\management_ext.dll
0x00007ffa0c6f0000 - 0x00007ffa0c6f8000 	C:\windows\System32\PSAPI.DLL
0x00007ff99c7e0000 - 0x00007ff99c7f0000 	C:\Users\anuma\.jdks\azul-21.0.4\bin\verify.dll
0x00007ff9e58c0000 - 0x00007ff9e58c8000 	C:\windows\system32\wshunix.dll

dbghelp: loaded successfully - version: 4.0.5 - missing functions: none
symbol engine: initialized successfully - sym options: 0x614 - pdb path: .;C:\Users\anuma\.jdks\azul-21.0.4\bin;C:\windows\SYSTEM32;C:\windows\WinSxS\amd64_microsoft.windows.common-controls_6595b64144ccf1df_6.0.22621.4541_none_2710d1c57384c085;C:\Users\anuma\.jdks\azul-21.0.4\bin\server;C:\Program Files\JetBrains\IntelliJ IDEA Community Edition 2024.2.3\bin

VM Arguments:
jvm_args: -javaagent:C:\Program Files\JetBrains\IntelliJ IDEA Community Edition 2024.2.3\lib\idea_rt.jar=53187:C:\Program Files\JetBrains\IntelliJ IDEA Community Edition 2024.2.3\bin -Dfile.encoding=UTF-8 -Dsun.stdout.encoding=UTF-8 -Dsun.stderr.encoding=UTF-8 
java_command: dev.qeats.order_service.OrderServiceApplication
java_class_path (initial): D:\QEats\order-service\target\classes;C:\Users\anuma\.m2\repository\org\modelmapper\modelmapper\3.2.0\modelmapper-3.2.0.jar;C:\Users\anuma\.m2\repository\org\springframework\boot\spring-boot-starter-websocket\3.3.4\spring-boot-starter-websocket-3.3.4.jar;C:\Users\anuma\.m2\repository\org\springframework\spring-messaging\6.1.13\spring-messaging-6.1.13.jar;C:\Users\anuma\.m2\repository\org\springframework\spring-beans\6.1.13\spring-beans-6.1.13.jar;C:\Users\anuma\.m2\repository\org\springframework\spring-websocket\6.1.13\spring-websocket-6.1.13.jar;C:\Users\anuma\.m2\repository\org\springframework\spring-context\6.1.13\spring-context-6.1.13.jar;C:\Users\anuma\.m2\repository\org\springframework\security\spring-security-oauth2-jose\6.3.3\spring-security-oauth2-jose-6.3.3.jar;C:\Users\anuma\.m2\repository\org\springframework\security\spring-security-core\6.3.3\spring-security-core-6.3.3.jar;C:\Users\anuma\.m2\repository\org\springframework\security\spring-security-crypto\6.3.3\spring-security-crypto-6.3.3.jar;C:\Users\anuma\.m2\repository\org\springframework\spring-expression\6.1.13\spring-expression-6.1.13.jar;C:\Users\anuma\.m2\repository\io\micrometer\micrometer-observation\1.13.4\micrometer-observation-1.13.4.jar;C:\Users\anuma\.m2\repository\io\micrometer\micrometer-commons\1.13.4\micrometer-commons-1.13.4.jar;C:\Users\anuma\.m2\repository\org\springframework\security\spring-security-oauth2-core\6.3.3\spring-security-oauth2-core-6.3.3.jar;C:\Users\anuma\.m2\repository\org\springframework\spring-core\6.1.13\spring-core-6.1.13.jar;C:\Users\anuma\.m2\repository\org\springframework\spring-jcl\6.1.13\spring-jcl-6.1.13.jar;C:\Users\anuma\.m2\repository\com\nimbusds\nimbus-jose-jwt\9.37.3\nimbus-jose-jwt-9.37.3.jar;C:\Users\anuma\.m2\repository\com\github\stephenc\jcip\jcip-annotations\1.0-1\jcip-annotations-1.0-1.jar;C:\Users\anuma\.m2\repository\org\springframework\boot\spring-boot-starter-data-jpa\3.3.4\spring-boot-starter-data-jpa-3.3.4.jar;C:\Users\anuma\.m2\repository\org\springframework\boot\spring-boot-starter-aop\3.3.4\spring-boot-starter-aop-3.3.4.jar;C:\Users\anuma\.m2\repository\org\aspectj\aspectjweaver\1.9.22.1\aspectjweaver-1.9.22.1.jar;C:\Users\anuma\.m2\repository\org\springframework\boot\spring-boot-starter-jdbc\3.3.4\spring-boot-starter-jdbc-3.3.4.jar;C:\Users\anuma\.m2\repository\com\zaxxer\HikariCP\5.1.0\HikariCP-5.1.0.jar;C:\Users\anuma\.m2\repository\org\springframework\spring-jdbc\6.1.13\spring-jdbc-6.1.13.jar;C:\Users\anuma\.m2\repository\org\hibernate\orm\hibernate-core\6.5.3.Final\hibernate-core-6.5.3.Final.jar;C:\Users\anuma\.m2\repository\jakarta\persistence\jakarta.persistence-api\3.1.0\jakarta.persistence-api-3.1.0.jar;C:\Users\anuma\.m2\repository\jakarta\transaction\jakarta.transaction-api\2.0.1\jakarta.transaction-api-2.0.1.jar;C:\Users\anuma\.m2\repository\org\jboss\logging\jboss-logging\3.5.3.Final\jboss-logging-3.5.3.Final.jar;C:\Users\anuma\.m2\repository\org\hibernate\common\hibernate-commons-annotations\6.0.6.Final\hibernate-commons-annotations-6.0.6.Final.jar;C:\Users\anuma\.m2\repository\io\smallrye\jandex\3.1.2\jandex-3.1.2.jar;C:\Users\anuma\.m2\repository\com\fasterxml\classmate\1.7.0\classmate-1.7.0.jar;C:\Users\anuma\.m2\repository\net\bytebuddy\byte-buddy\1.14.19\byte-buddy-1.14.19.jar;C:\Users\anuma\.m2\repository\org\glassfish\jaxb\jaxb-runtime\4.0.5\jaxb-runtime-4.0.5.jar;C:\Users\anuma\.m2\repository\org\glassfish\jaxb\jaxb-core\4.0.5\jaxb-core-4.0.5.jar;C:\Users\anuma\.m2\repository\org\eclipse\angus\angus-activation\2.0.2\angus-activation-2.0.2.jar;C:\Users\anuma\.m2\repository\org\glassfish\jaxb\txw2\4.0.5\txw2-4.0.5.jar;C:\Users\anuma\.m2\repository\com\sun\istack\istack-commons-runtime\4.1.2\istack-commons-runtime-4.1.2.jar;C:\Users\anuma\.m2\repository\jakarta\inject\jakarta.inject-api\2.0.1\jakarta.inject-api-2.0.1.jar;C:\Users\anuma\.m2\repository\org\antlr\antlr4-runtime\4.13.0\antlr4-runtime-4.13.0.jar;C:\Users\anuma\.m2\repository\org\springframework\data\spring-data-jpa\3.3.4\spring-data-jpa-3.3.4.jar;C:\Users\anuma\.m2\repository\org\springframework\data\spring-data-commons\3.3.4\spring-data-commons-3.3.4.jar;C:\Users\anuma\.m2\repository\org\springframework\spring-orm\6.1.13\spring-orm-6.1.13.jar;C:\Users\anuma\.m2\repository\org\springframework\spring-tx\6.1.13\spring-tx-6.1.13.jar;C:\Users\anuma\.m2\repository\jakarta\annotation\jakarta.annotation-api\2.1.1\jakarta.annotation-api-2.1.1.jar;C:\Users\anuma\.m2\repository\org\slf4j\slf4j-api\2.0.16\slf4j-api-2.0.16.jar;C:\Users\anuma\.m2\repository\org\springframework\spring-aspects\6.1.13\spring-aspects-6.1.13.jar;C:\Users\anuma\.m2\repository\org\springframework\boot\spring-boot-starter-data-redis\3.3.4\spring-boot-starter-data-redis-3.3.4.jar;C:\Users\anuma\.m2\repository\org\springframework\boot\spring-boot-starter\3.3.4\spring-boot-starter-3.3.4.jar;C:\Users\anuma\.m2\repository\org\springframework\boot\spring-boot\3.3.4\spring-boot-3.3.4.jar;C:\Users\anuma\.m2\repository\org\springframework\boot\spring-boot-autoconfigure\3.3.4\spring-boot-autoconfigure-3.3.4.jar;C:\Users\anuma\.m2\repository\org\springframework\boot\spring-boot-starter-logging\3.3.4\spring-boot-starter-logging-3.3.4.jar;C:\Users\anuma\.m2\repository\ch\qos\logback\logback-classic\1.5.8\logback-classic-1.5.8.jar;C:\Users\anuma\.m2\repository\ch\qos\logback\logback-core\1.5.8\logback-core-1.5.8.jar;C:\Users\anuma\.m2\repository\org\apache\logging\log4j\log4j-to-slf4j\2.23.1\log4j-to-slf4j-2.23.1.jar;C:\Users\anuma\.m2\repository\org\apache\logging\log4j\log4j-api\2.23.1\log4j-api-2.23.1.jar;C:\Users\anuma\.m2\repository\org\slf4j\jul-to-slf4j\2.0.16\jul-to-slf4j-2.0.16.jar;C:\Users\anuma\.m2\repository\org\yaml\snakeyaml\2.2\snakeyaml-2.2.jar;C:\Users\anuma\.m2\repository\io\lettuce\lettuce-core\6.3.2.RELEASE\lettuce-core-6.3.2.RELEASE.jar;C:\Users\anuma\.m2\repository\io\netty\netty-common\4.1.113.Final\netty-common-4.1.113.Final.jar;C:\Users\anuma\.m2\repository\io\netty\netty-handler\4.1.113.Final\netty-handler-4.1.113.Final.jar;C:\Users\anuma\.m2\repository\io\netty\netty-resolver\4.1.113.Final\netty-resolver-4.1.113.Final.jar;C:\Users\anuma\.m2\repository\io\netty\netty-buffer\4.1.113.Final\netty-buffer-4.1.113.Final.jar;C:\Users\anuma\.m2\repository\io\netty\netty-transport-native-unix-common\4.1.113.Final\netty-transport-native-unix-common-4.1.113.Final.jar;C:\Users\anuma\.m2\repository\io\netty\netty-codec\4.1.113.Final\netty-codec-4.1.113.Final.jar;C:\Users\anuma\.m2\repository\io\netty\netty-transport\4.1.113.Final\netty-transport-4.1.113.Final.jar;C:\Users\anuma\.m2\repository\org\springframework\data\spring-data-redis\3.3.4\spring-data-redis-3.3.4.jar;C:\Users\anuma\.m2\repository\org\springframework\data\spring-data-keyvalue\3.3.4\spring-data-keyvalue-3.3.4.jar;C:\Users\anuma\.m2\repository\org\springframework\spring-oxm\6.1.13\spring-oxm-6.1.13.jar;C:\Users\anuma\.m2\repository\org\springframework\spring-context-support\6.1.13\spring-context-support-6.1.13.jar;C:\Users\anuma\.m2\repository\com\mysql\mysql-connector-j\8.3.0\mysql-connector-j-8.3.0.jar;C:\Users\anuma\.m2\repository\org\springframework\boot\spring-boot-starter-web\3.3.4\spring-boot-starter-web-3.3.4.jar;C:\Users\anuma\.m2\repository\org\springframework\boot\spring-boot-starter-json\3.3.4\spring-boot-starter-json-3.3.4.jar;C:\Users\anuma\.m2\repository\com\fasterxml\jackson\core\jackson-databind\2.17.2\jackson-databind-2.17.2.jar;C:\Users\anuma\.m2\repository\com\fasterxml\jackson\datatype\jackson-datatype-jdk8\2.17.2\jackson-datatype-jdk8-2.17.2.jar;C:\Users\anuma\.m2\repository\com\fasterxml\jackson\datatype\jackson-datatype-jsr310\2.17.2\jackson-datatype-jsr310-2.17.2.jar;C:\Users\anuma\.m2\repository\com\fasterxml\jackson\module\jackson-module-parameter-names\2.17.2\jackson-module-parameter-names-2.17.2.jar;C:\Users\anuma\.m2\repository\org\springframework\boot\spring-boot-starter-tomcat\3.3.4\spring-boot-starter-tomcat-3.3.4.jar;C:\Users\anuma\.m2\repository\org\apache\tomcat\embed\tomcat-embed-core\10.1.30\tomcat-embed-core-10.1.30.jar;C:\Users\anuma\.m2\repository\org\apache\tomcat\embed\tomcat-embed-el\10.1.30\tomcat-embed-el-10.1.30.jar;C:\Users\anuma\.m2\repository\org\apache\tomcat\embed\tomcat-embed-websocket\10.1.30\tomcat-embed-websocket-10.1.30.jar;C:\Users\anuma\.m2\repository\org\springframework\spring-web\6.1.13\spring-web-6.1.13.jar;C:\Users\anuma\.m2\repository\org\springframework\spring-webmvc\6.1.13\spring-webmvc-6.1.13.jar;C:\Users\anuma\.m2\repository\org\springframework\cloud\spring-cloud-starter-netflix-eureka-client\4.1.3\spring-cloud-starter-netflix-eureka-client-4.1.3.jar;C:\Users\anuma\.m2\repository\org\springframework\cloud\spring-cloud-starter\4.1.4\spring-cloud-starter-4.1.4.jar;C:\Users\anuma\.m2\repository\org\springframework\cloud\spring-cloud-context\4.1.4\spring-cloud-context-4.1.4.jar;C:\Users\anuma\.m2\repository\org\springframework\cloud\spring-cloud-commons\4.1.4\spring-cloud-commons-4.1.4.jar;C:\Users\anuma\.m2\repository\org\springframework\security\spring-security-rsa\1.1.3\spring-security-rsa-1.1.3.jar;C:\Users\anuma\.m2\repository\org\bouncycastle\bcprov-jdk18on\1.78\bcprov-jdk18on-1.78.jar;C:\Users\anuma\.m2\repository\org\springframework\cloud\spring-cloud-netflix-eureka-client\4.1.3\spring-cloud-netflix-eureka-client-4.1.3.jar;C:\Users\anuma\.m2\repository\org\apache\httpcomponents\client5\httpclient5\5.3.1\httpclient5-5.3.1.jar;C:\Users\anuma\.m2\repository\org\apache\httpcomponents\core5\httpcore5\5.2.5\httpcore5-5.2.5.jar;C:\Users\anuma\.m2\repository\org\apache\httpcomponents\core5\httpcore5-h2\5.2.5\httpcore5-h2-5.2.5.jar;C:\Users\anuma\.m2\repository\com\netflix\eureka\eureka-client\2.0.3\eureka-client-2.0.3.jar;C:\Users\anuma\.m2\repository\com\thoughtworks\xstream\xstream\1.4.20\xstream-1.4.20.jar;C:\Users\anuma\.m2\repository\io\github\x-stream\mxparser\1.2.2\mxparser-1.2.2.jar;C:\Users\anuma\.m2\repository\xmlpull\xmlpull\1.1.3.1\xmlpull-1.1.3.1.jar;C:\Users\anuma\.m2\repository\jakarta\ws\rs\jakarta.ws.rs-api\3.1.0\jakarta.ws.rs-api-3.1.0.jar;C:\Users\anuma\.m2\repository\com\netflix\spectator\spectator-api\1.7.3\spectator-api-1.7.3.jar;C:\Users\anuma\.m2\repository\org\apache\httpcomponents\httpclient\4.5.3\httpclient-4.5.3.jar;C:\Users\anuma\.m2\repository\org\apache\httpcomponents\httpcore\4.4.16\httpcore-4.4.16.jar;C:\Users\anuma\.m2\repository\commons-codec\commons-codec\1.16.1\commons-codec-1.16.1.jar;C:\Users\anuma\.m2\repository\commons-configuration\commons-configuration\1.10\commons-configuration-1.10.jar;C:\Users\anuma\.m2\repository\commons-lang\commons-lang\2.6\commons-lang-2.6.jar;C:\Users\anuma\.m2\repository\com\fasterxml\jackson\core\jackson-annotations\2.17.2\jackson-annotations-2.17.2.jar;C:\Users\anuma\.m2\repository\com\fasterxml\jackson\core\jackson-core\2.17.2\jackson-core-2.17.2.jar;C:\Users\anuma\.m2\repository\com\netflix\netflix-commons\netflix-eventbus\0.3.0\netflix-eventbus-0.3.0.jar;C:\Users\anuma\.m2\repository\com\netflix\netflix-commons\netflix-infix\0.3.0\netflix-infix-0.3.0.jar;C:\Users\anuma\.m2\repository\commons-jxpath\commons-jxpath\1.3\commons-jxpath-1.3.jar;C:\Users\anuma\.m2\repository\joda-time\joda-time\2.3\joda-time-2.3.jar;C:\Users\anuma\.m2\repository\org\antlr\antlr-runtime\3.4\antlr-runtime-3.4.jar;C:\Users\anuma\.m2\repository\org\antlr\stringtemplate\3.2.1\stringtemplate-3.2.1.jar;C:\Users\anuma\.m2\repository\antlr\antlr\2.7.7\antlr-2.7.7.jar;C:\Users\anuma\.m2\repository\com\google\code\gson\gson\2.10.1\gson-2.10.1.jar;C:\Users\anuma\.m2\repository\com\netflix\servo\servo-core\0.5.3\servo-core-0.5.3.jar;C:\Users\anuma\.m2\repository\org\apache\commons\commons-math\2.2\commons-math-2.2.jar;C:\Users\anuma\.m2\repository\javax\annotation\javax.annotation-api\1.2\javax.annotation-api-1.2.jar;C:\Users\anuma\.m2\repository\org\codehaus\jettison\jettison\1.5.4\jettison-1.5.4.jar;C:\Users\anuma\.m2\repository\com\netflix\eureka\eureka-core\2.0.3\eureka-core-2.0.3.jar;C:\Users\anuma\.m2\repository\com\fasterxml\woodstox\woodstox-core\6.2.1\woodstox-core-6.2.1.jar;C:\Users\anuma\.m2\repository\org\codehaus\woodstox\stax2-api\4.2.1\stax2-api-4.2.1.jar;C:\Users\anuma\.m2\repository\com\google\guava\guava\33.0.0-jre\guava-33.0.0-jre.jar;C:\Users\anuma\.m2\repository\com\google\guava\failureaccess\1.0.2\failureaccess-1.0.2.jar;C:\Users\anuma\.m2\repository\com\google\guava\listenablefuture\9999.0-empty-to-avoid-conflict-with-guava\listenablefuture-9999.0-empty-to-avoid-conflict-with-guava.jar;C:\Users\anuma\.m2\repository\org\checkerframework\checker-qual\3.41.0\checker-qual-3.41.0.jar;C:\Users\anuma\.m2\repository\com\google\errorprone\error_prone_annotations\2.23.0\error_prone_annotations-2.23.0.jar;C:\Users\anuma\.m2\repository\com\google\j2objc\j2objc-annotations\2.8\j2objc-annotations-2.8.jar;C:\Users\anuma\.m2\repository\org\springframework\cloud\spring-cloud-starter-loadbalancer\4.1.4\spring-cloud-starter-loadbalancer-4.1.4.jar;C:\Users\anuma\.m2\repository\org\springframework\cloud\spring-cloud-loadbalancer\4.1.4\spring-cloud-loadbalancer-4.1.4.jar;C:\Users\anuma\.m2\repository\io\projectreactor\addons\reactor-extra\3.5.2\reactor-extra-3.5.2.jar;C:\Users\anuma\.m2\repository\org\springframework\boot\spring-boot-starter-cache\3.3.4\spring-boot-starter-cache-3.3.4.jar;C:\Users\anuma\.m2\repository\com\stoyanr\evictor\1.0.0\evictor-1.0.0.jar;C:\Users\anuma\.m2\repository\org\projectlombok\lombok\1.18.34\lombok-1.18.34.jar;C:\Users\anuma\.m2\repository\org\springframework\boot\spring-boot-starter-security\3.3.4\spring-boot-starter-security-3.3.4.jar;C:\Users\anuma\.m2\repository\org\springframework\spring-aop\6.1.13\spring-aop-6.1.13.jar;C:\Users\anuma\.m2\repository\org\springframework\security\spring-security-config\6.3.3\spring-security-config-6.3.3.jar;C:\Users\anuma\.m2\repository\org\springframework\security\spring-security-web\6.3.3\spring-security-web-6.3.3.jar;C:\Users\anuma\.m2\repository\org\springframework\boot\spring-boot-starter-oauth2-resource-server\3.3.4\spring-boot-starter-oauth2-resource-server-3.3.4.jar;C:\Users\anuma\.m2\repository\org\springframework\security\spring-security-oauth2-resource-server\6.3.3\spring-security-oauth2-resource-server-6.3.3.jar;C:\Users\anuma\.m2\repository\jakarta\xml\bind\jakarta.xml.bind-api\4.0.2\jakarta.xml.bind-api-4.0.2.jar;C:\Users\anuma\.m2\repository\jakarta\activation\jakarta.activation-api\2.1.3\jakarta.activation-api-2.1.3.jar;C:\Users\anuma\.m2\repository\io\projectreactor\reactor-core\3.6.10\reactor-core-3.6.10.jar;C:\Users\anuma\.m2\repository\org\reactivestreams\reactive-streams\1.0.4\reactive-streams-1.0.4.jar
Launcher Type: SUN_STANDARD

[Global flags]
     intx CICompilerCount                          = 4                                         {product} {ergonomic}
     uint ConcGCThreads                            = 3                                         {product} {ergonomic}
     uint G1ConcRefinementThreads                  = 10                                        {product} {ergonomic}
   size_t G1HeapRegionSize                         = 2097152                                   {product} {ergonomic}
    uintx GCDrainStackTargetSize                   = 64                                        {product} {ergonomic}
   size_t InitialHeapSize                          = 264241152                                 {product} {ergonomic}
   size_t MarkStackSize                            = 4194304                                   {product} {ergonomic}
   size_t MaxHeapSize                              = 4208984064                                {product} {ergonomic}
   size_t MaxNewSize                               = 2524971008                                {product} {ergonomic}
   size_t MinHeapDeltaBytes                        = 2097152                                   {product} {ergonomic}
   size_t MinHeapSize                              = 8388608                                   {product} {ergonomic}
    uintx NonNMethodCodeHeapSize                   = 5839372                                {pd product} {ergonomic}
    uintx NonProfiledCodeHeapSize                  = 122909434                              {pd product} {ergonomic}
    uintx ProfiledCodeHeapSize                     = 122909434                              {pd product} {ergonomic}
    uintx ReservedCodeCacheSize                    = 251658240                              {pd product} {ergonomic}
     bool SegmentedCodeCache                       = true                                      {product} {ergonomic}
   size_t SoftMaxHeapSize                          = 4208984064                             {manageable} {ergonomic}
     bool UseCompressedOops                        = true                           {product lp64_product} {ergonomic}
     bool UseG1GC                                  = true                                      {product} {ergonomic}
     bool UseLargePagesIndividualAllocation        = false                                  {pd product} {ergonomic}

Logging:
Log output configuration:
 #0: stdout all=warning uptime,level,tags foldmultilines=false
 #1: stderr all=off uptime,level,tags foldmultilines=false

Environment Variables:
JAVA_HOME=C:\Users\anuma\.jdks\openjdk-22.0.1
PATH=C:\windows\system32;C:\windows;C:\windows\System32\Wbem;C:\windows\System32\WindowsPowerShell\v1.0\;C:\windows\System32\OpenSSH\;C:\Program Files (x86)\NVIDIA Corporation\PhysX\Common;D:\curl-8.1.2_3-win64-mingw\curl-8.1.2_3-win64-mingw\bin;C:\Program Files\PuTTY\;C:\Users\anuma\Downloads\spring-boot-cli-3.1.2-bin\spring-3.1.2\bin;D:\Softwares\apache-maven-3.9.3-bin\apache-maven-3.9.3\bin;C:\Program Files\Docker\Docker\resources\bin;C:\Users\anuma\AppData\Roaming\nvm;C:\Program Files\nodejs;C:\Program Files (x86)\NoteBook FanControl\;C:\Program Files\HP\HP One Agent;D:\kubernetes;C:\Program Files\Git\cmd;C:\ProgramData\chocolatey\bin;D:\Softwares\httpd-2.4.59-240605-win64-VS17\Apache24\bin;C:\Users\anuma\.jdks\openjdk-22.0.1\bin;;C:\Program Files\NVIDIA Corporation\NVIDIA app\NvDLISR;C:\Program Files (x86)\Microsoft SQL Server\160\DTS\Binn\;C:\Program Files\nodejs\;C:\Users\anuma\AppData\Local\Programs\Python\Python311\Scripts\;C:\Users\anuma\AppData\Local\Programs\Python\Python311\;C:\Users\anuma\AppData\Local\Microsoft\WindowsApps;C:\Users\anuma\AppData\Local\Programs\Microsoft VS Code\bin;C:\Program Files\JetBrains\IntelliJ IDEA 2023.3.1\bin;;C:\Program Files\JetBrains\IntelliJ IDEA Community Edition 2024.1.3\bin;;C:\Program Files\JetBrains\WebStorm 2023.2\bin;;C:\Users\anuma\AppData\Roaming\nvm;C:\Program Files\nodejs;C:\Program Files\Azure Data Studio\bin;C:\Users\anuma\AppData\Local\GitHubDesktop\bin;C:\Users\anuma\AppData\Local\Microsoft\WinGet\Links;C:\Program Files\Neovim\bin;C:\Users\anuma\.fly\bin;C:\Program Files\JetBrains\IntelliJ IDEA 2024.2.3\bin;;C:\Program Files\JetBrains\IntelliJ IDEA Community Edition 2024.2.3\bin;;C:\Users\anuma\AppData\Roaming\npm;C:\Program Files\JetBrains\WebStorm 2024.2.4\bin;
USERNAME=anuma
OS=Windows_NT
PROCESSOR_IDENTIFIER=Intel64 Family 6 Model 154 Stepping 3, GenuineIntel
TMP=C:\Users\anuma\AppData\Local\Temp
TEMP=C:\Users\anuma\AppData\Local\Temp




Periodic native trim disabled

---------------  S Y S T E M  ---------------

OS:
 Windows 11 , 64 bit Build 22621 (10.0.22621.4391)
OS uptime: 3 days 6:14 hours
Hyper-V role detected

CPU: total 12 (initial active 12) (6 cores per cpu, 2 threads per core) family 6 model 154 stepping 3 microcode 0x432, cx8, cmov, fxsr, ht, mmx, 3dnowpref, sse, sse2, sse3, ssse3, sse4.1, sse4.2, popcnt, lzcnt, tsc, tscinvbit, avx, avx2, aes, erms, clmul, bmi1, bmi2, adx, sha, fma, vzeroupper, clflush, clflushopt, clwb, hv, serialize, rdtscp, rdpid, fsrm, f16c, cet_ibt, cet_ss
Processor Information for processor 0
  Max Mhz: 2000, Current Mhz: 1520, Mhz Limit: 2000
Processor Information for processor 1
  Max Mhz: 2000, Current Mhz: 2000, Mhz Limit: 2000
Processor Information for processor 2
  Max Mhz: 2000, Current Mhz: 2000, Mhz Limit: 2000
Processor Information for processor 3
  Max Mhz: 2000, Current Mhz: 1520, Mhz Limit: 2000
Processor Information for processor 4
  Max Mhz: 2000, Current Mhz: 2000, Mhz Limit: 2000
Processor Information for processor 5
  Max Mhz: 2000, Current Mhz: 2000, Mhz Limit: 2000
Processor Information for processor 6
  Max Mhz: 2000, Current Mhz: 2000, Mhz Limit: 2000
Processor Information for processor 7
  Max Mhz: 2000, Current Mhz: 2000, Mhz Limit: 2000
Processor Information for processor 8
  Max Mhz: 2000, Current Mhz: 1500, Mhz Limit: 1500
Processor Information for processor 9
  Max Mhz: 2000, Current Mhz: 1500, Mhz Limit: 1500
Processor Information for processor 10
  Max Mhz: 2000, Current Mhz: 1500, Mhz Limit: 1500
Processor Information for processor 11
  Max Mhz: 2000, Current Mhz: 1500, Mhz Limit: 1500

Memory: 4k page, system-wide physical 16052M (761M free)
TotalPageFile size 40628M (AvailPageFile size 0M)
current process WorkingSet (physical memory assigned to process): 77M, peak: 322M
current process commit charge ("private bytes"): 369M, peak: 411M

vm_info: OpenJDK 64-Bit Server VM (21.0.4+7-LTS) for windows-amd64 JRE (21.0.4+7-LTS) (Zulu21.36+17-CA), built on 2024-07-09T22:03:30Z by "zulu_re" with MS VC++ 17.1 (VS2022)

END.
